2022.06.09 15:53:48 INFO  tracing is disabled for protocol LSP, to enable tracing of incoming and outgoing JSON messages create an empty file at f:\ScalaTest\play-samples-play-scala-hello-world-tutorial\.metals\lsp.trace.json or C:\Users\WEB-PROD\AppData\Local\scalameta\metals\cache\lsp.trace.json
2022.06.09 15:54:02 INFO  logging to file F:\ScalaTest\play-samples-play-scala-hello-world-tutorial\.metals\metals.log
2022.06.09 15:54:02 INFO  Started: Metals version 0.11.6 in workspace 'F:\ScalaTest\play-samples-play-scala-hello-world-tutorial' for client Visual Studio Code 1.67.2.
2022.06.09 15:54:36 INFO  time: initialize in 33s
2022.06.09 15:54:45 WARN  Flyway upgrade recommended: H2 2.1.212 is newer than this version of Flyway and support has not been tested. The latest supported version of H2 is 2.1.210.
2022.06.09 15:54:47 WARN  Build server is not auto-connectable.
2022.06.09 15:54:49 WARN  no build target for: F:\ScalaTest\play-samples-play-scala-hello-world-tutorial\app\controllers\HomeController.scala
2022.06.09 15:56:25 INFO  no build target found for F:\ScalaTest\play-samples-play-scala-hello-world-tutorial\app\controllers\HomeController.scala. Using presentation compiler with project's scala-library version: 3.1.2
2022.06.09 15:56:55 INFO  time: code lens generation in 2m4s
2022.06.09 15:59:08 WARN  no build target for: F:\ScalaTest\play-samples-play-scala-hello-world-tutorial\app\controllers\HomeController.scala
2022.06.09 16:00:00 WARN  no build target for: F:\ScalaTest\play-samples-play-scala-hello-world-tutorial\app\controllers\HomeController.scala
2022.06.09 16:07:54 WARN  no build target for: F:\ScalaTest\play-samples-play-scala-hello-world-tutorial\app\views\test.scala.html.scala
2022.06.09 16:08:46 WARN  no build target for: F:\ScalaTest\play-samples-play-scala-hello-world-tutorial\app\controllers\TestController.scala
2022.06.09 16:08:52 WARN  no build target for: F:\ScalaTest\play-samples-play-scala-hello-world-tutorial\app\controllers\HomeController.scala
juin 09, 2022 4:09:05 PM org.eclipse.lsp4j.jsonrpc.RemoteEndpoint fallbackResponseError
GRAVE: Internal error: java.lang.reflect.InvocationTargetException
java.lang.RuntimeException: java.lang.reflect.InvocationTargetException
	at org.eclipse.lsp4j.jsonrpc.services.GenericEndpoint.lambda$null$0(GenericEndpoint.java:67)
	at org.eclipse.lsp4j.jsonrpc.services.GenericEndpoint.request(GenericEndpoint.java:120)
	at org.eclipse.lsp4j.jsonrpc.RemoteEndpoint.handleRequest(RemoteEndpoint.java:261)
	at org.eclipse.lsp4j.jsonrpc.RemoteEndpoint.consume(RemoteEndpoint.java:190)
	at org.eclipse.lsp4j.jsonrpc.json.StreamMessageProducer.handleMessage(StreamMessageProducer.java:194)
	at org.eclipse.lsp4j.jsonrpc.json.StreamMessageProducer.listen(StreamMessageProducer.java:94)
	at org.eclipse.lsp4j.jsonrpc.json.ConcurrentMessageProcessor.run(ConcurrentMessageProcessor.java:113)
	at java.util.concurrent.Executors$RunnableAdapter.call(Executors.java:511)
	at java.util.concurrent.FutureTask.run(FutureTask.java:266)
	at java.util.concurrent.ThreadPoolExecutor.runWorker(ThreadPoolExecutor.java:1149)
	at java.util.concurrent.ThreadPoolExecutor$Worker.run(ThreadPoolExecutor.java:624)
	at java.lang.Thread.run(Thread.java:748)
Caused by: java.lang.reflect.InvocationTargetException
	at sun.reflect.NativeMethodAccessorImpl.invoke0(Native Method)
	at sun.reflect.NativeMethodAccessorImpl.invoke(NativeMethodAccessorImpl.java:62)
	at sun.reflect.DelegatingMethodAccessorImpl.invoke(DelegatingMethodAccessorImpl.java:43)
	at java.lang.reflect.Method.invoke(Method.java:498)
	at org.eclipse.lsp4j.jsonrpc.services.GenericEndpoint.lambda$null$0(GenericEndpoint.java:65)
	... 11 more
Caused by: java.lang.IllegalArgumentException: 11 is not a valid line number, allowed [0..0]
	at scala.meta.internal.inputs.InternalInput.lineToOffset(InternalInput.scala:37)
	at scala.meta.internal.inputs.InternalInput.lineToOffset$(InternalInput.scala:32)
	at scala.meta.inputs.Input$VirtualFile.lineToOffset(Input.scala:80)
	at scala.meta.inputs.Position$Range$.apply(Position.scala:59)
	at scala.meta.internal.mtags.MtagsEnrichments$XtensionPositionLspInverse.toMeta(MtagsEnrichments.scala:179)
	at scala.meta.internal.parsing.Trees.$anonfun$findLastEnclosingAt$4(Trees.scala:76)
	at scala.Option.flatMap(Option.scala:283)
	at scala.meta.internal.parsing.Trees.findLastEnclosingAt(Trees.scala:75)
	at scala.meta.internal.metals.codeactions.PatternMatchRefactor.contribute(PatternMatchRefactor.scala:96)
	at scala.meta.internal.metals.CodeActionProvider$$anonfun$1.applyOrElse(CodeActionProvider.scala:64)
	at scala.meta.internal.metals.CodeActionProvider$$anonfun$1.applyOrElse(CodeActionProvider.scala:63)
	at scala.collection.immutable.List.collect(List.scala:275)
	at scala.meta.internal.metals.CodeActionProvider.codeActions(CodeActionProvider.scala:63)
	at scala.meta.internal.metals.MetalsLanguageServer.$anonfun$codeAction$1(MetalsLanguageServer.scala:1649)
	at scala.meta.internal.metals.CancelTokens$.future(CancelTokens.scala:38)
	at scala.meta.internal.metals.MetalsLanguageServer.codeAction(MetalsLanguageServer.scala:1648)
	... 16 more

juin 09, 2022 4:09:05 PM org.eclipse.lsp4j.jsonrpc.RemoteEndpoint fallbackResponseError
GRAVE: Internal error: java.lang.reflect.InvocationTargetException
java.lang.RuntimeException: java.lang.reflect.InvocationTargetException
	at org.eclipse.lsp4j.jsonrpc.services.GenericEndpoint.lambda$null$0(GenericEndpoint.java:67)
	at org.eclipse.lsp4j.jsonrpc.services.GenericEndpoint.request(GenericEndpoint.java:120)
	at org.eclipse.lsp4j.jsonrpc.RemoteEndpoint.handleRequest(RemoteEndpoint.java:261)
	at org.eclipse.lsp4j.jsonrpc.RemoteEndpoint.consume(RemoteEndpoint.java:190)
	at org.eclipse.lsp4j.jsonrpc.json.StreamMessageProducer.handleMessage(StreamMessageProducer.java:194)
	at org.eclipse.lsp4j.jsonrpc.json.StreamMessageProducer.listen(StreamMessageProducer.java:94)
	at org.eclipse.lsp4j.jsonrpc.json.ConcurrentMessageProcessor.run(ConcurrentMessageProcessor.java:113)
	at java.util.concurrent.Executors$RunnableAdapter.call(Executors.java:511)
	at java.util.concurrent.FutureTask.run(FutureTask.java:266)
	at java.util.concurrent.ThreadPoolExecutor.runWorker(ThreadPoolExecutor.java:1149)
	at java.util.concurrent.ThreadPoolExecutor$Worker.run(ThreadPoolExecutor.java:624)
	at java.lang.Thread.run(Thread.java:748)
Caused by: java.lang.reflect.InvocationTargetException
	at sun.reflect.NativeMethodAccessorImpl.invoke0(Native Method)
	at sun.reflect.NativeMethodAccessorImpl.invoke(NativeMethodAccessorImpl.java:62)
	at sun.reflect.DelegatingMethodAccessorImpl.invoke(DelegatingMethodAccessorImpl.java:43)
	at java.lang.reflect.Method.invoke(Method.java:498)
	at org.eclipse.lsp4j.jsonrpc.services.GenericEndpoint.lambda$null$0(GenericEndpoint.java:65)
	... 11 more
Caused by: java.lang.IllegalArgumentException: 11 is not a valid line number, allowed [0..0]
	at scala.meta.internal.inputs.InternalInput.lineToOffset(InternalInput.scala:37)
	at scala.meta.internal.inputs.InternalInput.lineToOffset$(InternalInput.scala:32)
	at scala.meta.inputs.Input$VirtualFile.lineToOffset(Input.scala:80)
	at scala.meta.inputs.Position$Range$.apply(Position.scala:59)
	at scala.meta.internal.mtags.MtagsEnrichments$XtensionPositionLspInverse.toMeta(MtagsEnrichments.scala:179)
	at scala.meta.internal.parsing.Trees.$anonfun$findLastEnclosingAt$4(Trees.scala:76)
	at scala.Option.flatMap(Option.scala:283)
	at scala.meta.internal.parsing.Trees.findLastEnclosingAt(Trees.scala:75)
	at scala.meta.internal.metals.codeactions.PatternMatchRefactor.contribute(PatternMatchRefactor.scala:96)
	at scala.meta.internal.metals.CodeActionProvider$$anonfun$1.applyOrElse(CodeActionProvider.scala:64)
	at scala.meta.internal.metals.CodeActionProvider$$anonfun$1.applyOrElse(CodeActionProvider.scala:63)
	at scala.collection.immutable.List.collect(List.scala:275)
	at scala.meta.internal.metals.CodeActionProvider.codeActions(CodeActionProvider.scala:63)
	at scala.meta.internal.metals.MetalsLanguageServer.$anonfun$codeAction$1(MetalsLanguageServer.scala:1649)
	at scala.meta.internal.metals.CancelTokens$.future(CancelTokens.scala:38)
	at scala.meta.internal.metals.MetalsLanguageServer.codeAction(MetalsLanguageServer.scala:1648)
	... 16 more

2022.06.09 16:09:06 WARN  no build target for: F:\ScalaTest\play-samples-play-scala-hello-world-tutorial\app\controllers\TestController.scala
juin 09, 2022 4:09:06 PM org.eclipse.lsp4j.jsonrpc.RemoteEndpoint fallbackResponseError
GRAVE: Internal error: java.lang.reflect.InvocationTargetException
java.lang.RuntimeException: java.lang.reflect.InvocationTargetException
	at org.eclipse.lsp4j.jsonrpc.services.GenericEndpoint.lambda$null$0(GenericEndpoint.java:67)
	at org.eclipse.lsp4j.jsonrpc.services.GenericEndpoint.request(GenericEndpoint.java:120)
	at org.eclipse.lsp4j.jsonrpc.RemoteEndpoint.handleRequest(RemoteEndpoint.java:261)
	at org.eclipse.lsp4j.jsonrpc.RemoteEndpoint.consume(RemoteEndpoint.java:190)
	at org.eclipse.lsp4j.jsonrpc.json.StreamMessageProducer.handleMessage(StreamMessageProducer.java:194)
	at org.eclipse.lsp4j.jsonrpc.json.StreamMessageProducer.listen(StreamMessageProducer.java:94)
	at org.eclipse.lsp4j.jsonrpc.json.ConcurrentMessageProcessor.run(ConcurrentMessageProcessor.java:113)
	at java.util.concurrent.Executors$RunnableAdapter.call(Executors.java:511)
	at java.util.concurrent.FutureTask.run(FutureTask.java:266)
	at java.util.concurrent.ThreadPoolExecutor.runWorker(ThreadPoolExecutor.java:1149)
	at java.util.concurrent.ThreadPoolExecutor$Worker.run(ThreadPoolExecutor.java:624)
	at java.lang.Thread.run(Thread.java:748)
Caused by: java.lang.reflect.InvocationTargetException
	at sun.reflect.NativeMethodAccessorImpl.invoke0(Native Method)
	at sun.reflect.NativeMethodAccessorImpl.invoke(NativeMethodAccessorImpl.java:62)
	at sun.reflect.DelegatingMethodAccessorImpl.invoke(DelegatingMethodAccessorImpl.java:43)
	at java.lang.reflect.Method.invoke(Method.java:498)
	at org.eclipse.lsp4j.jsonrpc.services.GenericEndpoint.lambda$null$0(GenericEndpoint.java:65)
	... 11 more
Caused by: java.lang.IllegalArgumentException: 11 is not a valid line number, allowed [0..0]
	at scala.meta.internal.inputs.InternalInput.lineToOffset(InternalInput.scala:37)
	at scala.meta.internal.inputs.InternalInput.lineToOffset$(InternalInput.scala:32)
	at scala.meta.inputs.Input$VirtualFile.lineToOffset(Input.scala:80)
	at scala.meta.inputs.Position$Range$.apply(Position.scala:59)
	at scala.meta.internal.mtags.MtagsEnrichments$XtensionPositionLspInverse.toMeta(MtagsEnrichments.scala:179)
	at scala.meta.internal.parsing.Trees.$anonfun$findLastEnclosingAt$4(Trees.scala:76)
	at scala.Option.flatMap(Option.scala:283)
	at scala.meta.internal.parsing.Trees.findLastEnclosingAt(Trees.scala:75)
	at scala.meta.internal.metals.codeactions.PatternMatchRefactor.contribute(PatternMatchRefactor.scala:96)
	at scala.meta.internal.metals.CodeActionProvider$$anonfun$1.applyOrElse(CodeActionProvider.scala:64)
	at scala.meta.internal.metals.CodeActionProvider$$anonfun$1.applyOrElse(CodeActionProvider.scala:63)
	at scala.collection.immutable.List.collect(List.scala:275)
	at scala.meta.internal.metals.CodeActionProvider.codeActions(CodeActionProvider.scala:63)
	at scala.meta.internal.metals.MetalsLanguageServer.$anonfun$codeAction$1(MetalsLanguageServer.scala:1649)
	at scala.meta.internal.metals.CancelTokens$.future(CancelTokens.scala:38)
	at scala.meta.internal.metals.MetalsLanguageServer.codeAction(MetalsLanguageServer.scala:1648)
	... 16 more

juin 09, 2022 4:09:11 PM org.eclipse.lsp4j.jsonrpc.RemoteEndpoint fallbackResponseError
GRAVE: Internal error: java.lang.reflect.InvocationTargetException
java.lang.RuntimeException: java.lang.reflect.InvocationTargetException
	at org.eclipse.lsp4j.jsonrpc.services.GenericEndpoint.lambda$null$0(GenericEndpoint.java:67)
	at org.eclipse.lsp4j.jsonrpc.services.GenericEndpoint.request(GenericEndpoint.java:120)
	at org.eclipse.lsp4j.jsonrpc.RemoteEndpoint.handleRequest(RemoteEndpoint.java:261)
	at org.eclipse.lsp4j.jsonrpc.RemoteEndpoint.consume(RemoteEndpoint.java:190)
	at org.eclipse.lsp4j.jsonrpc.json.StreamMessageProducer.handleMessage(StreamMessageProducer.java:194)
	at org.eclipse.lsp4j.jsonrpc.json.StreamMessageProducer.listen(StreamMessageProducer.java:94)
	at org.eclipse.lsp4j.jsonrpc.json.ConcurrentMessageProcessor.run(ConcurrentMessageProcessor.java:113)
	at java.util.concurrent.Executors$RunnableAdapter.call(Executors.java:511)
	at java.util.concurrent.FutureTask.run(FutureTask.java:266)
	at java.util.concurrent.ThreadPoolExecutor.runWorker(ThreadPoolExecutor.java:1149)
	at java.util.concurrent.ThreadPoolExecutor$Worker.run(ThreadPoolExecutor.java:624)
	at java.lang.Thread.run(Thread.java:748)
Caused by: java.lang.reflect.InvocationTargetException
	at sun.reflect.GeneratedMethodAccessor3.invoke(Unknown Source)
	at sun.reflect.DelegatingMethodAccessorImpl.invoke(DelegatingMethodAccessorImpl.java:43)
	at java.lang.reflect.Method.invoke(Method.java:498)
	at org.eclipse.lsp4j.jsonrpc.services.GenericEndpoint.lambda$null$0(GenericEndpoint.java:65)
	... 11 more
Caused by: java.lang.IllegalArgumentException: 11 is not a valid line number, allowed [0..0]
	at scala.meta.internal.inputs.InternalInput.lineToOffset(InternalInput.scala:37)
	at scala.meta.internal.inputs.InternalInput.lineToOffset$(InternalInput.scala:32)
	at scala.meta.inputs.Input$VirtualFile.lineToOffset(Input.scala:80)
	at scala.meta.inputs.Position$Range$.apply(Position.scala:59)
	at scala.meta.internal.mtags.MtagsEnrichments$XtensionPositionLspInverse.toMeta(MtagsEnrichments.scala:179)
	at scala.meta.internal.parsing.Trees.$anonfun$findLastEnclosingAt$4(Trees.scala:76)
	at scala.Option.flatMap(Option.scala:283)
	at scala.meta.internal.parsing.Trees.findLastEnclosingAt(Trees.scala:75)
	at scala.meta.internal.metals.codeactions.PatternMatchRefactor.contribute(PatternMatchRefactor.scala:96)
	at scala.meta.internal.metals.CodeActionProvider$$anonfun$1.applyOrElse(CodeActionProvider.scala:64)
	at scala.meta.internal.metals.CodeActionProvider$$anonfun$1.applyOrElse(CodeActionProvider.scala:63)
	at scala.collection.immutable.List.collect(List.scala:275)
	at scala.meta.internal.metals.CodeActionProvider.codeActions(CodeActionProvider.scala:63)
	at scala.meta.internal.metals.MetalsLanguageServer.$anonfun$codeAction$1(MetalsLanguageServer.scala:1649)
	at scala.meta.internal.metals.CancelTokens$.future(CancelTokens.scala:38)
	at scala.meta.internal.metals.MetalsLanguageServer.codeAction(MetalsLanguageServer.scala:1648)
	... 15 more

2022.06.09 16:09:15 WARN  no build target for: F:\ScalaTest\play-samples-play-scala-hello-world-tutorial\app\controllers\TestController.scala
2022.06.09 16:09:17 WARN  no build target for: F:\ScalaTest\play-samples-play-scala-hello-world-tutorial\app\controllers\TestController.scala
2022.06.09 16:09:20 WARN  no build target for: F:\ScalaTest\play-samples-play-scala-hello-world-tutorial\app\controllers\TestController.scala
2022.06.09 16:09:25 WARN  no build target for: F:\ScalaTest\play-samples-play-scala-hello-world-tutorial\app\controllers\TestController.scala
2022.06.09 16:09:34 WARN  no build target for: F:\ScalaTest\play-samples-play-scala-hello-world-tutorial\app\controllers\TestController.scala
2022.06.09 16:09:55 WARN  no build target for: F:\ScalaTest\play-samples-play-scala-hello-world-tutorial\app\controllers\TestController.scala
2022.06.09 16:10:05 WARN  no build target for: F:\ScalaTest\play-samples-play-scala-hello-world-tutorial\app\controllers\TestController.scala
2022.06.09 16:11:04 WARN  no build target for: F:\ScalaTest\play-samples-play-scala-hello-world-tutorial\app\views\test.scala.html.scala
juin 09, 2022 4:14:08 PM org.eclipse.lsp4j.jsonrpc.services.GenericEndpoint notify
INFOS: Unsupported notification method: $/setTrace
juin 09, 2022 4:14:08 PM org.eclipse.lsp4j.jsonrpc.services.GenericEndpoint notify
INFOS: Unsupported notification method: $/setTrace
juin 09, 2022 4:14:08 PM org.eclipse.lsp4j.jsonrpc.services.GenericEndpoint notify
INFOS: Unsupported notification method: $/setTrace
juin 09, 2022 4:14:08 PM org.eclipse.lsp4j.jsonrpc.services.GenericEndpoint notify
INFOS: Unsupported notification method: $/setTrace
juin 09, 2022 4:14:08 PM org.eclipse.lsp4j.jsonrpc.services.GenericEndpoint notify
INFOS: Unsupported notification method: $/setTrace
juin 09, 2022 4:14:08 PM org.eclipse.lsp4j.jsonrpc.services.GenericEndpoint notify
INFOS: Unsupported notification method: $/setTrace
juin 09, 2022 4:14:08 PM org.eclipse.lsp4j.jsonrpc.services.GenericEndpoint notify
INFOS: Unsupported notification method: $/setTrace
juin 09, 2022 4:14:08 PM org.eclipse.lsp4j.jsonrpc.services.GenericEndpoint notify
INFOS: Unsupported notification method: $/setTrace
juin 09, 2022 4:14:08 PM org.eclipse.lsp4j.jsonrpc.services.GenericEndpoint notify
INFOS: Unsupported notification method: $/setTrace
juin 09, 2022 4:14:08 PM org.eclipse.lsp4j.jsonrpc.services.GenericEndpoint notify
INFOS: Unsupported notification method: $/setTrace
juin 09, 2022 4:14:08 PM org.eclipse.lsp4j.jsonrpc.services.GenericEndpoint notify
INFOS: Unsupported notification method: $/setTrace
juin 09, 2022 4:14:08 PM org.eclipse.lsp4j.jsonrpc.services.GenericEndpoint notify
INFOS: Unsupported notification method: $/setTrace
juin 09, 2022 4:14:08 PM org.eclipse.lsp4j.jsonrpc.services.GenericEndpoint notify
INFOS: Unsupported notification method: $/setTrace
juin 09, 2022 4:14:08 PM org.eclipse.lsp4j.jsonrpc.services.GenericEndpoint notify
INFOS: Unsupported notification method: $/setTrace
juin 09, 2022 4:14:08 PM org.eclipse.lsp4j.jsonrpc.services.GenericEndpoint notify
INFOS: Unsupported notification method: $/setTrace
juin 09, 2022 4:14:08 PM org.eclipse.lsp4j.jsonrpc.services.GenericEndpoint notify
INFOS: Unsupported notification method: $/setTrace
juin 09, 2022 4:14:08 PM org.eclipse.lsp4j.jsonrpc.services.GenericEndpoint notify
INFOS: Unsupported notification method: $/setTrace
juin 09, 2022 4:14:08 PM org.eclipse.lsp4j.jsonrpc.services.GenericEndpoint notify
INFOS: Unsupported notification method: $/setTrace
juin 09, 2022 4:14:08 PM org.eclipse.lsp4j.jsonrpc.services.GenericEndpoint notify
INFOS: Unsupported notification method: $/setTrace
juin 09, 2022 4:14:08 PM org.eclipse.lsp4j.jsonrpc.services.GenericEndpoint notify
INFOS: Unsupported notification method: $/setTrace
juin 09, 2022 4:14:08 PM org.eclipse.lsp4j.jsonrpc.services.GenericEndpoint notify
INFOS: Unsupported notification method: $/setTrace
juin 09, 2022 4:14:08 PM org.eclipse.lsp4j.jsonrpc.services.GenericEndpoint notify
INFOS: Unsupported notification method: $/setTrace
juin 09, 2022 4:14:08 PM org.eclipse.lsp4j.jsonrpc.services.GenericEndpoint notify
INFOS: Unsupported notification method: $/setTrace
juin 09, 2022 4:14:08 PM org.eclipse.lsp4j.jsonrpc.services.GenericEndpoint notify
INFOS: Unsupported notification method: $/setTrace
juin 09, 2022 4:14:08 PM org.eclipse.lsp4j.jsonrpc.services.GenericEndpoint notify
INFOS: Unsupported notification method: $/setTrace
juin 09, 2022 4:14:08 PM org.eclipse.lsp4j.jsonrpc.services.GenericEndpoint notify
INFOS: Unsupported notification method: $/setTrace
juin 09, 2022 4:14:08 PM org.eclipse.lsp4j.jsonrpc.services.GenericEndpoint notify
INFOS: Unsupported notification method: $/setTrace
juin 09, 2022 4:14:08 PM org.eclipse.lsp4j.jsonrpc.services.GenericEndpoint notify
INFOS: Unsupported notification method: $/setTrace
juin 09, 2022 4:14:08 PM org.eclipse.lsp4j.jsonrpc.services.GenericEndpoint notify
INFOS: Unsupported notification method: $/setTrace
juin 09, 2022 4:14:08 PM org.eclipse.lsp4j.jsonrpc.services.GenericEndpoint notify
INFOS: Unsupported notification method: $/setTrace
juin 09, 2022 4:14:08 PM org.eclipse.lsp4j.jsonrpc.services.GenericEndpoint notify
INFOS: Unsupported notification method: $/setTrace
juin 09, 2022 4:14:08 PM org.eclipse.lsp4j.jsonrpc.services.GenericEndpoint notify
INFOS: Unsupported notification method: $/setTrace
juin 09, 2022 4:14:20 PM org.eclipse.lsp4j.jsonrpc.RemoteEndpoint handleCancellation
AVERTISSEMENT: Unmatched cancel notification for request id 170
juin 09, 2022 4:14:24 PM org.eclipse.lsp4j.jsonrpc.RemoteEndpoint handleCancellation
AVERTISSEMENT: Unmatched cancel notification for request id 175
juin 09, 2022 4:14:34 PM org.eclipse.lsp4j.jsonrpc.RemoteEndpoint handleCancellation
AVERTISSEMENT: Unmatched cancel notification for request id 187
2022.06.09 16:14:40 WARN  no build target for: F:\ScalaTest\play-samples-play-scala-hello-world-tutorial\app\controllers\TestController.scala
2022.06.09 16:15:42 WARN  no build target for: F:\ScalaTest\play-samples-play-scala-hello-world-tutorial\app\controllers\HomeController.scala
2022.06.09 16:16:02 WARN  no build target for: F:\ScalaTest\play-samples-play-scala-hello-world-tutorial\app\controllers\TestController.scala
2022.06.09 16:16:36 WARN  no build target for: F:\ScalaTest\play-samples-play-scala-hello-world-tutorial\app\controllers\TestController.scala
2022.06.09 16:17:08 WARN  no build target for: F:\ScalaTest\play-samples-play-scala-hello-world-tutorial\app\controllers\TestController.scala
2022.06.09 16:17:38 WARN  no build target for: F:\ScalaTest\play-samples-play-scala-hello-world-tutorial\app\controllers\TestController.scala
2022.06.09 16:17:59 WARN  no build target for: F:\ScalaTest\play-samples-play-scala-hello-world-tutorial\app\controllers\TestController.scala
2022.06.09 16:18:01 WARN  no build target for: F:\ScalaTest\play-samples-play-scala-hello-world-tutorial\app\controllers\TestController.scala
2022.06.09 16:18:36 WARN  no build target for: F:\ScalaTest\play-samples-play-scala-hello-world-tutorial\app\controllers\TestController.scala
2022.06.09 16:18:40 WARN  no build target for: F:\ScalaTest\play-samples-play-scala-hello-world-tutorial\app\controllers\TestController.scala
2022.06.09 16:18:49 WARN  no build target for: F:\ScalaTest\play-samples-play-scala-hello-world-tutorial\app\controllers\TestController.scala
2022.06.09 16:22:49 WARN  no build target for: F:\ScalaTest\play-samples-play-scala-hello-world-tutorial\app\controllers\HomeController.scala
2022.06.09 16:22:49 WARN  no build target for: F:\ScalaTest\play-samples-play-scala-hello-world-tutorial\app\controllers\TestController.scala
2022.06.09 16:22:53 WARN  Build server is not auto-connectable.
2022.06.09 16:22:58 INFO  Attempting to connect to the build server...
2022.06.09 16:23:47 ERROR Starting the bsp launcher for bloop...
2022.06.09 16:23:47 ERROR Opening a bsp server connection with 'bsp --protocol tcp --port 39409'...
2022.06.09 16:23:47 ERROR Waiting for the bsp connection to come up...
2022.06.09 16:23:47 ERROR Waiting for the bsp connection to come up...
2022.06.09 16:23:47 ERROR Waiting for the bsp connection to come up...
2022.06.09 16:23:47 ERROR Waiting for the bsp connection to come up...
2022.06.09 16:23:47 ERROR Waiting for the bsp connection to come up...
2022.06.09 16:23:47 ERROR Waiting for the bsp connection to come up...
2022.06.09 16:23:47 ERROR Waiting for the bsp connection to come up...
2022.06.09 16:23:47 ERROR Waiting for the bsp connection to come up...
2022.06.09 16:23:47 ERROR Waiting for the bsp connection to come up...
2022.06.09 16:23:47 ERROR Waiting for the bsp connection to come up...
2022.06.09 16:23:47 ERROR Waiting for the bsp connection to come up...
2022.06.09 16:23:47 ERROR Waiting for the bsp connection to come up...
2022.06.09 16:23:47 ERROR Waiting for the bsp connection to come up...
2022.06.09 16:23:47 ERROR Waiting for the bsp connection to come up...
2022.06.09 16:23:47 ERROR Waiting for the bsp connection to come up...
2022.06.09 16:23:47 ERROR Waiting for the bsp connection to come up...
2022.06.09 16:23:47 ERROR Waiting for the bsp connection to come up...
2022.06.09 16:23:47 ERROR Waiting for the bsp connection to come up...
2022.06.09 16:23:47 ERROR Waiting for the bsp connection to come up...
2022.06.09 16:23:47 ERROR Waiting for the bsp connection to come up...
2022.06.09 16:23:47 ERROR Waiting for the bsp connection to come up...
2022.06.09 16:23:47 ERROR Waiting for the bsp connection to come up...
2022.06.09 16:23:47 ERROR Waiting for the bsp connection to come up...
2022.06.09 16:23:47 ERROR Waiting for the bsp connection to come up...
2022.06.09 16:23:47 ERROR Waiting for the bsp connection to come up...
2022.06.09 16:23:47 ERROR Waiting for the bsp connection to come up...
2022.06.09 16:23:47 ERROR Waiting for the bsp connection to come up...
2022.06.09 16:23:47 ERROR Waiting for the bsp connection to come up...
2022.06.09 16:23:47 ERROR Waiting for the bsp connection to come up...
2022.06.09 16:23:47 ERROR Waiting for the bsp connection to come up...
2022.06.09 16:23:47 ERROR Waiting for the bsp connection to come up...
2022.06.09 16:23:47 ERROR error: Giving up on waiting for a connection, printing embedded bloop logs:
2022.06.09 16:23:47 ERROR > No server running at 127.0.0.1:8212, let's fire one...
2022.06.09 16:23:47 ERROR > Resolving ch.epfl.scala:bloop-frontend_2.12:1.5.0-18-003e6c7b...
2022.06.09 16:23:47 ERROR > Attempting a connection to the server...
2022.06.09 16:23:47 ERROR > Starting bloop server at 127.0.0.1:8212...
2022.06.09 16:23:47 ERROR > Attempting a connection to the server...
2022.06.09 16:23:47 ERROR > Attempting a connection to the server...
2022.06.09 16:23:47 ERROR > Attempting a connection to the server...
2022.06.09 16:23:47 ERROR error: The launcher failed to establish a bsp connection, aborting...
2022.06.09 16:23:47 ERROR Failed to connect with build server, no functionality will work.
java.lang.RuntimeException: The server did not start, got FailedToOpenBspConnection
	at bloop.launcher.LauncherMain.failPromise$1(Launcher.scala:92)
	at bloop.launcher.LauncherMain.runLauncher(Launcher.scala:119)
	at scala.meta.internal.metals.BloopServers$$anon$2.run(BloopServers.scala:434)
	at java.util.concurrent.Executors$RunnableAdapter.call(Executors.java:511)
	at java.util.concurrent.FutureTask.run(FutureTask.java:266)
	at java.util.concurrent.ThreadPoolExecutor.runWorker(ThreadPoolExecutor.java:1149)
	at java.util.concurrent.ThreadPoolExecutor$Worker.run(ThreadPoolExecutor.java:624)
	at java.lang.Thread.run(Thread.java:748)

2022.06.09 16:31:07 WARN  no build target for: F:\ScalaTest\play-samples-play-scala-hello-world-tutorial\app\controllers\TestController.scala
2022.06.09 16:40:11 INFO  shutting down Metals
2022.06.09 16:40:12 ERROR Unexpected error initializing server
org.eclipse.lsp4j.jsonrpc.ResponseErrorException: Request window/showMessageRequest failed with message: Canceled
	at org.eclipse.lsp4j.jsonrpc.RemoteEndpoint.handleResponse(RemoteEndpoint.java:209)
	at org.eclipse.lsp4j.jsonrpc.RemoteEndpoint.consume(RemoteEndpoint.java:193)
	at org.eclipse.lsp4j.jsonrpc.json.StreamMessageProducer.handleMessage(StreamMessageProducer.java:194)
	at org.eclipse.lsp4j.jsonrpc.json.StreamMessageProducer.listen(StreamMessageProducer.java:94)
	at org.eclipse.lsp4j.jsonrpc.json.ConcurrentMessageProcessor.run(ConcurrentMessageProcessor.java:113)
	at java.util.concurrent.Executors$RunnableAdapter.call(Executors.java:511)
	at java.util.concurrent.FutureTask.run(FutureTask.java:266)
	at java.util.concurrent.ThreadPoolExecutor.runWorker(ThreadPoolExecutor.java:1149)
	at java.util.concurrent.ThreadPoolExecutor$Worker.run(ThreadPoolExecutor.java:624)
	at java.lang.Thread.run(Thread.java:748)

2022.06.10 09:45:01 INFO  tracing is disabled for protocol LSP, to enable tracing of incoming and outgoing JSON messages create an empty file at f:\ScalaTest\play-samples-play-scala-hello-world-tutorial\.metals\lsp.trace.json or C:\Users\WEB-PROD\AppData\Local\scalameta\metals\cache\lsp.trace.json
2022.06.10 09:45:04 INFO  logging to file F:\ScalaTest\play-samples-play-scala-hello-world-tutorial\.metals\metals.log
2022.06.10 09:45:04 INFO  Started: Metals version 0.11.6 in workspace 'F:\ScalaTest\play-samples-play-scala-hello-world-tutorial' for client Visual Studio Code 1.67.2.
2022.06.10 09:45:08 INFO  time: initialize in 4.4s
2022.06.10 09:45:12 WARN  Flyway upgrade recommended: H2 2.1.212 is newer than this version of Flyway and support has not been tested. The latest supported version of H2 is 2.1.210.
2022.06.10 09:45:22 WARN  Build server is not auto-connectable.
2022.06.10 09:45:23 INFO  skipping build import with status 'Requested'
2022.06.10 09:45:23 WARN  no build target for: F:\ScalaTest\play-samples-play-scala-hello-world-tutorial\app\controllers\TestController.scala
2022.06.10 09:46:18 INFO  no build target found for F:\ScalaTest\play-samples-play-scala-hello-world-tutorial\app\controllers\TestController.scala. Using presentation compiler with project's scala-library version: 3.1.2
2022.06.10 09:46:23 INFO  time: code lens generation in 56s
2022.06.10 11:54:11 WARN  no build target for: F:\ScalaTest\play-samples-play-scala-hello-world-tutorial\app\controllers\TestController.scala
2022.06.10 11:54:13 WARN  no build target for: F:\ScalaTest\play-samples-play-scala-hello-world-tutorial\app\controllers\TestController.scala
2022.06.10 11:54:22 WARN  no build target for: F:\ScalaTest\play-samples-play-scala-hello-world-tutorial\app\controllers\TestController.scala
2022.06.10 11:54:25 WARN  no build target for: F:\ScalaTest\play-samples-play-scala-hello-world-tutorial\app\controllers\TestController.scala
2022.06.10 11:54:31 WARN  no build target for: F:\ScalaTest\play-samples-play-scala-hello-world-tutorial\app\controllers\TestController.scala
2022.06.10 11:54:34 WARN  no build target for: F:\ScalaTest\play-samples-play-scala-hello-world-tutorial\app\controllers\TestController.scala
2022.06.10 11:54:36 WARN  no build target for: F:\ScalaTest\play-samples-play-scala-hello-world-tutorial\app\controllers\TestController.scala
2022.06.10 11:54:40 WARN  no build target for: F:\ScalaTest\play-samples-play-scala-hello-world-tutorial\app\controllers\TestController.scala
2022.06.10 11:54:47 WARN  no build target for: F:\ScalaTest\play-samples-play-scala-hello-world-tutorial\app\controllers\TestController.scala
2022.06.10 11:54:51 WARN  no build target for: F:\ScalaTest\play-samples-play-scala-hello-world-tutorial\app\controllers\TestController.scala
2022.06.10 11:54:54 WARN  no build target for: F:\ScalaTest\play-samples-play-scala-hello-world-tutorial\app\controllers\TestController.scala
2022.06.10 11:54:57 WARN  no build target for: F:\ScalaTest\play-samples-play-scala-hello-world-tutorial\app\controllers\TestController.scala
2022.06.10 11:55:06 WARN  no build target for: F:\ScalaTest\play-samples-play-scala-hello-world-tutorial\app\controllers\TestController.scala
2022.06.10 11:55:08 WARN  no build target for: F:\ScalaTest\play-samples-play-scala-hello-world-tutorial\app\controllers\TestController.scala
2022.06.10 12:02:34 WARN  no build target for: F:\ScalaTest\play-samples-play-scala-hello-world-tutorial\app\controllers\TestController.scala
2022.06.10 12:02:45 WARN  no build target for: F:\ScalaTest\play-samples-play-scala-hello-world-tutorial\app\controllers\TestController.scala
2022.06.10 12:18:15 WARN  no build target for: F:\ScalaTest\play-samples-play-scala-hello-world-tutorial\app\controllers\HomeController.scala
2022.06.10 12:20:12 WARN  no build target for: F:\ScalaTest\play-samples-play-scala-hello-world-tutorial\app\controllers\TestController.scala
2022.06.10 12:20:14 WARN  no build target for: F:\ScalaTest\play-samples-play-scala-hello-world-tutorial\app\controllers\TestController.scala
2022.06.10 12:23:51 WARN  no build target for: F:\ScalaTest\play-samples-play-scala-hello-world-tutorial\app\controllers\TestController.scala
2022.06.10 12:23:54 WARN  no build target for: F:\ScalaTest\play-samples-play-scala-hello-world-tutorial\app\controllers\TestController.scala
2022.06.10 14:02:57 WARN  no build target for: F:\ScalaTest\play-samples-play-scala-hello-world-tutorial\app\controllers\LoginController.scala
2022.06.10 14:02:59 WARN  no build target for: F:\ScalaTest\play-samples-play-scala-hello-world-tutorial\app\controllers\LoginController.scala
2022.06.10 14:03:13 WARN  no build target for: F:\ScalaTest\play-samples-play-scala-hello-world-tutorial\app\controllers\LoginController.scala
2022.06.10 14:03:15 WARN  no build target for: F:\ScalaTest\play-samples-play-scala-hello-world-tutorial\app\controllers\LoginController.scala
2022.06.10 14:03:20 WARN  no build target for: F:\ScalaTest\play-samples-play-scala-hello-world-tutorial\app\controllers\LoginController.scala
2022.06.10 14:03:26 WARN  no build target for: F:\ScalaTest\play-samples-play-scala-hello-world-tutorial\app\controllers\LoginController.scala
2022.06.10 14:03:29 WARN  no build target for: F:\ScalaTest\play-samples-play-scala-hello-world-tutorial\app\controllers\LoginController.scala
2022.06.10 14:03:31 WARN  no build target for: F:\ScalaTest\play-samples-play-scala-hello-world-tutorial\app\controllers\LoginController.scala
2022.06.10 14:03:33 WARN  no build target for: F:\ScalaTest\play-samples-play-scala-hello-world-tutorial\app\controllers\LoginController.scala
2022.06.10 14:03:38 WARN  no build target for: F:\ScalaTest\play-samples-play-scala-hello-world-tutorial\app\controllers\LoginController.scala
2022.06.10 14:03:39 WARN  no build target for: F:\ScalaTest\play-samples-play-scala-hello-world-tutorial\app\controllers\LoginController.scala
2022.06.10 14:03:42 WARN  no build target for: F:\ScalaTest\play-samples-play-scala-hello-world-tutorial\app\controllers\LoginController.scala
2022.06.10 14:03:43 WARN  no build target for: F:\ScalaTest\play-samples-play-scala-hello-world-tutorial\app\controllers\LoginController.scala
2022.06.10 14:03:47 WARN  no build target for: F:\ScalaTest\play-samples-play-scala-hello-world-tutorial\app\controllers\LoginController.scala
2022.06.10 14:03:51 WARN  no build target for: F:\ScalaTest\play-samples-play-scala-hello-world-tutorial\app\controllers\LoginController.scala
2022.06.10 14:09:00 WARN  no build target for: F:\ScalaTest\play-samples-play-scala-hello-world-tutorial\app\controllers\LoginController.scala
2022.06.10 14:09:06 WARN  no build target for: F:\ScalaTest\play-samples-play-scala-hello-world-tutorial\app\controllers\LoginController.scala
2022.06.10 14:09:11 WARN  no build target for: F:\ScalaTest\play-samples-play-scala-hello-world-tutorial\app\controllers\LoginController.scala
2022.06.10 14:09:18 WARN  no build target for: F:\ScalaTest\play-samples-play-scala-hello-world-tutorial\app\controllers\LoginController.scala
2022.06.10 14:09:20 WARN  no build target for: F:\ScalaTest\play-samples-play-scala-hello-world-tutorial\app\controllers\LoginController.scala
2022.06.10 14:09:21 WARN  no build target for: F:\ScalaTest\play-samples-play-scala-hello-world-tutorial\app\controllers\LoginController.scala
2022.06.10 14:09:28 WARN  no build target for: F:\ScalaTest\play-samples-play-scala-hello-world-tutorial\app\controllers\LoginController.scala
2022.06.10 14:09:31 WARN  no build target for: F:\ScalaTest\play-samples-play-scala-hello-world-tutorial\app\controllers\LoginController.scala
2022.06.10 14:09:35 WARN  no build target for: F:\ScalaTest\play-samples-play-scala-hello-world-tutorial\app\controllers\LoginController.scala
2022.06.10 14:09:36 WARN  no build target for: F:\ScalaTest\play-samples-play-scala-hello-world-tutorial\app\controllers\LoginController.scala
2022.06.10 14:09:38 WARN  no build target for: F:\ScalaTest\play-samples-play-scala-hello-world-tutorial\app\controllers\LoginController.scala
2022.06.10 14:09:44 WARN  no build target for: F:\ScalaTest\play-samples-play-scala-hello-world-tutorial\app\controllers\LoginController.scala
2022.06.10 14:09:49 WARN  no build target for: F:\ScalaTest\play-samples-play-scala-hello-world-tutorial\app\controllers\LoginController.scala
2022.06.10 14:09:52 WARN  no build target for: F:\ScalaTest\play-samples-play-scala-hello-world-tutorial\app\controllers\LoginController.scala
2022.06.10 14:09:55 WARN  no build target for: F:\ScalaTest\play-samples-play-scala-hello-world-tutorial\app\controllers\LoginController.scala
2022.06.10 14:10:07 WARN  no build target for: F:\ScalaTest\play-samples-play-scala-hello-world-tutorial\app\controllers\LoginController.scala
2022.06.10 14:10:09 WARN  no build target for: F:\ScalaTest\play-samples-play-scala-hello-world-tutorial\app\controllers\LoginController.scala
2022.06.10 14:10:11 WARN  no build target for: F:\ScalaTest\play-samples-play-scala-hello-world-tutorial\app\controllers\LoginController.scala
juin 10, 2022 2:10:18 PM org.eclipse.lsp4j.jsonrpc.RemoteEndpoint handleCancellation
AVERTISSEMENT: Unmatched cancel notification for request id 603
2022.06.10 14:10:22 WARN  no build target for: F:\ScalaTest\play-samples-play-scala-hello-world-tutorial\app\controllers\LoginController.scala
2022.06.10 14:10:25 WARN  no build target for: F:\ScalaTest\play-samples-play-scala-hello-world-tutorial\app\controllers\LoginController.scala
2022.06.10 14:13:01 WARN  no build target for: F:\ScalaTest\play-samples-play-scala-hello-world-tutorial\app\controllers\LoginController.scala
2022.06.10 14:19:23 WARN  no build target for: F:\ScalaTest\play-samples-play-scala-hello-world-tutorial\app\controllers\LoginController.scala
2022.06.10 14:19:26 WARN  no build target for: F:\ScalaTest\play-samples-play-scala-hello-world-tutorial\app\controllers\LoginController.scala
2022.06.10 14:19:28 WARN  no build target for: F:\ScalaTest\play-samples-play-scala-hello-world-tutorial\app\controllers\LoginController.scala
2022.06.10 14:19:33 WARN  no build target for: F:\ScalaTest\play-samples-play-scala-hello-world-tutorial\app\controllers\LoginController.scala
2022.06.10 14:19:34 WARN  no build target for: F:\ScalaTest\play-samples-play-scala-hello-world-tutorial\app\controllers\LoginController.scala
2022.06.10 14:19:45 WARN  no build target for: F:\ScalaTest\play-samples-play-scala-hello-world-tutorial\app\controllers\LoginController.scala
2022.06.10 14:19:49 WARN  no build target for: F:\ScalaTest\play-samples-play-scala-hello-world-tutorial\app\controllers\LoginController.scala
2022.06.10 14:19:51 WARN  no build target for: F:\ScalaTest\play-samples-play-scala-hello-world-tutorial\app\controllers\LoginController.scala
2022.06.10 14:19:52 WARN  no build target for: F:\ScalaTest\play-samples-play-scala-hello-world-tutorial\app\controllers\LoginController.scala
2022.06.10 14:20:02 WARN  no build target for: F:\ScalaTest\play-samples-play-scala-hello-world-tutorial\app\controllers\LoginController.scala
2022.06.10 14:20:50 WARN  no build target for: F:\ScalaTest\play-samples-play-scala-hello-world-tutorial\app\controllers\LoginController.scala
2022.06.10 14:20:53 WARN  no build target for: F:\ScalaTest\play-samples-play-scala-hello-world-tutorial\app\controllers\LoginController.scala
2022.06.10 14:20:55 WARN  no build target for: F:\ScalaTest\play-samples-play-scala-hello-world-tutorial\app\controllers\LoginController.scala
2022.06.10 14:20:58 WARN  no build target for: F:\ScalaTest\play-samples-play-scala-hello-world-tutorial\app\controllers\LoginController.scala
2022.06.10 14:21:02 WARN  no build target for: F:\ScalaTest\play-samples-play-scala-hello-world-tutorial\app\controllers\LoginController.scala
2022.06.10 14:21:04 WARN  no build target for: F:\ScalaTest\play-samples-play-scala-hello-world-tutorial\app\controllers\LoginController.scala
2022.06.10 14:21:07 WARN  no build target for: F:\ScalaTest\play-samples-play-scala-hello-world-tutorial\app\controllers\LoginController.scala
2022.06.10 14:21:11 WARN  no build target for: F:\ScalaTest\play-samples-play-scala-hello-world-tutorial\app\controllers\LoginController.scala
2022.06.10 14:21:21 WARN  no build target for: F:\ScalaTest\play-samples-play-scala-hello-world-tutorial\app\controllers\LoginController.scala
2022.06.10 14:21:27 WARN  no build target for: F:\ScalaTest\play-samples-play-scala-hello-world-tutorial\app\controllers\LoginController.scala
2022.06.10 14:21:34 WARN  no build target for: F:\ScalaTest\play-samples-play-scala-hello-world-tutorial\app\controllers\LoginController.scala
2022.06.10 14:21:40 WARN  no build target for: F:\ScalaTest\play-samples-play-scala-hello-world-tutorial\app\controllers\LoginController.scala
2022.06.10 14:21:46 WARN  no build target for: F:\ScalaTest\play-samples-play-scala-hello-world-tutorial\app\controllers\LoginController.scala
2022.06.10 14:21:54 WARN  no build target for: F:\ScalaTest\play-samples-play-scala-hello-world-tutorial\app\controllers\LoginController.scala
2022.06.10 14:21:56 WARN  no build target for: F:\ScalaTest\play-samples-play-scala-hello-world-tutorial\app\controllers\LoginController.scala
2022.06.10 14:21:57 WARN  no build target for: F:\ScalaTest\play-samples-play-scala-hello-world-tutorial\app\controllers\LoginController.scala
2022.06.10 14:21:59 WARN  no build target for: F:\ScalaTest\play-samples-play-scala-hello-world-tutorial\app\controllers\LoginController.scala
2022.06.10 14:22:00 WARN  no build target for: F:\ScalaTest\play-samples-play-scala-hello-world-tutorial\app\controllers\LoginController.scala
2022.06.10 14:22:18 WARN  no build target for: F:\ScalaTest\play-samples-play-scala-hello-world-tutorial\app\controllers\LoginController.scala
2022.06.10 14:22:51 WARN  no build target for: F:\ScalaTest\play-samples-play-scala-hello-world-tutorial\app\controllers\LoginController.scala
2022.06.10 14:22:59 WARN  no build target for: F:\ScalaTest\play-samples-play-scala-hello-world-tutorial\app\controllers\LoginController.scala
2022.06.10 14:23:04 WARN  no build target for: F:\ScalaTest\play-samples-play-scala-hello-world-tutorial\app\controllers\LoginController.scala
2022.06.10 14:23:06 WARN  no build target for: F:\ScalaTest\play-samples-play-scala-hello-world-tutorial\app\controllers\LoginController.scala
2022.06.10 14:23:08 WARN  no build target for: F:\ScalaTest\play-samples-play-scala-hello-world-tutorial\app\controllers\LoginController.scala
2022.06.10 14:23:09 WARN  no build target for: F:\ScalaTest\play-samples-play-scala-hello-world-tutorial\app\controllers\LoginController.scala
2022.06.10 14:23:17 WARN  no build target for: F:\ScalaTest\play-samples-play-scala-hello-world-tutorial\app\controllers\LoginController.scala
2022.06.10 14:23:26 WARN  no build target for: F:\ScalaTest\play-samples-play-scala-hello-world-tutorial\app\controllers\LoginController.scala
2022.06.10 14:23:34 WARN  no build target for: F:\ScalaTest\play-samples-play-scala-hello-world-tutorial\app\controllers\LoginController.scala
2022.06.10 14:23:36 WARN  no build target for: F:\ScalaTest\play-samples-play-scala-hello-world-tutorial\app\controllers\LoginController.scala
2022.06.10 14:23:38 WARN  no build target for: F:\ScalaTest\play-samples-play-scala-hello-world-tutorial\app\controllers\LoginController.scala
2022.06.10 14:23:40 WARN  no build target for: F:\ScalaTest\play-samples-play-scala-hello-world-tutorial\app\controllers\LoginController.scala
2022.06.10 14:23:44 WARN  no build target for: F:\ScalaTest\play-samples-play-scala-hello-world-tutorial\app\controllers\LoginController.scala
2022.06.10 14:23:46 WARN  no build target for: F:\ScalaTest\play-samples-play-scala-hello-world-tutorial\app\controllers\LoginController.scala
2022.06.10 14:23:48 WARN  no build target for: F:\ScalaTest\play-samples-play-scala-hello-world-tutorial\app\controllers\LoginController.scala
2022.06.10 14:23:49 WARN  no build target for: F:\ScalaTest\play-samples-play-scala-hello-world-tutorial\app\controllers\LoginController.scala
2022.06.10 14:23:55 WARN  no build target for: F:\ScalaTest\play-samples-play-scala-hello-world-tutorial\app\controllers\LoginController.scala
2022.06.10 14:24:04 WARN  no build target for: F:\ScalaTest\play-samples-play-scala-hello-world-tutorial\app\controllers\LoginController.scala
2022.06.10 14:24:05 WARN  no build target for: F:\ScalaTest\play-samples-play-scala-hello-world-tutorial\app\controllers\LoginController.scala
2022.06.10 14:24:10 WARN  no build target for: F:\ScalaTest\play-samples-play-scala-hello-world-tutorial\app\controllers\LoginController.scala
2022.06.10 14:24:13 WARN  no build target for: F:\ScalaTest\play-samples-play-scala-hello-world-tutorial\app\controllers\LoginController.scala
2022.06.10 14:24:23 WARN  no build target for: F:\ScalaTest\play-samples-play-scala-hello-world-tutorial\app\controllers\LoginController.scala
2022.06.10 14:24:26 WARN  no build target for: F:\ScalaTest\play-samples-play-scala-hello-world-tutorial\app\controllers\LoginController.scala
2022.06.10 14:24:37 WARN  no build target for: F:\ScalaTest\play-samples-play-scala-hello-world-tutorial\app\controllers\LoginController.scala
2022.06.10 14:24:39 WARN  no build target for: F:\ScalaTest\play-samples-play-scala-hello-world-tutorial\app\controllers\LoginController.scala
2022.06.10 14:24:41 WARN  no build target for: F:\ScalaTest\play-samples-play-scala-hello-world-tutorial\app\controllers\LoginController.scala
2022.06.10 14:24:42 WARN  no build target for: F:\ScalaTest\play-samples-play-scala-hello-world-tutorial\app\controllers\LoginController.scala
2022.06.10 14:24:45 WARN  no build target for: F:\ScalaTest\play-samples-play-scala-hello-world-tutorial\app\controllers\LoginController.scala
2022.06.10 14:24:53 WARN  no build target for: F:\ScalaTest\play-samples-play-scala-hello-world-tutorial\app\controllers\LoginController.scala
2022.06.10 14:24:56 WARN  no build target for: F:\ScalaTest\play-samples-play-scala-hello-world-tutorial\app\controllers\LoginController.scala
2022.06.10 14:24:58 WARN  no build target for: F:\ScalaTest\play-samples-play-scala-hello-world-tutorial\app\controllers\LoginController.scala
2022.06.10 14:25:07 WARN  no build target for: F:\ScalaTest\play-samples-play-scala-hello-world-tutorial\app\controllers\LoginController.scala
2022.06.10 14:43:22 WARN  no build target for: F:\ScalaTest\play-samples-play-scala-hello-world-tutorial\app\controllers\LoginController.scala
2022.06.10 14:43:26 WARN  no build target for: F:\ScalaTest\play-samples-play-scala-hello-world-tutorial\app\controllers\LoginController.scala
2022.06.10 14:43:33 WARN  no build target for: F:\ScalaTest\play-samples-play-scala-hello-world-tutorial\app\controllers\LoginController.scala
2022.06.10 14:43:35 WARN  no build target for: F:\ScalaTest\play-samples-play-scala-hello-world-tutorial\app\controllers\LoginController.scala
2022.06.10 14:43:52 WARN  no build target for: F:\ScalaTest\play-samples-play-scala-hello-world-tutorial\app\controllers\LoginController.scala
2022.06.10 14:43:54 WARN  no build target for: F:\ScalaTest\play-samples-play-scala-hello-world-tutorial\app\controllers\LoginController.scala
2022.06.10 14:43:58 WARN  no build target for: F:\ScalaTest\play-samples-play-scala-hello-world-tutorial\app\controllers\LoginController.scala
2022.06.10 14:43:59 WARN  no build target for: F:\ScalaTest\play-samples-play-scala-hello-world-tutorial\app\controllers\LoginController.scala
2022.06.10 14:44:00 WARN  no build target for: F:\ScalaTest\play-samples-play-scala-hello-world-tutorial\app\controllers\LoginController.scala
2022.06.10 14:44:07 WARN  no build target for: F:\ScalaTest\play-samples-play-scala-hello-world-tutorial\app\controllers\LoginController.scala
2022.06.10 14:44:20 WARN  no build target for: F:\ScalaTest\play-samples-play-scala-hello-world-tutorial\app\controllers\LoginController.scala
2022.06.10 14:44:29 WARN  no build target for: F:\ScalaTest\play-samples-play-scala-hello-world-tutorial\app\controllers\LoginController.scala
2022.06.10 14:44:30 WARN  no build target for: F:\ScalaTest\play-samples-play-scala-hello-world-tutorial\app\controllers\LoginController.scala
2022.06.10 14:44:39 WARN  no build target for: F:\ScalaTest\play-samples-play-scala-hello-world-tutorial\app\controllers\LoginController.scala
2022.06.10 14:44:42 WARN  no build target for: F:\ScalaTest\play-samples-play-scala-hello-world-tutorial\app\controllers\LoginController.scala
2022.06.10 14:44:47 WARN  no build target for: F:\ScalaTest\play-samples-play-scala-hello-world-tutorial\app\controllers\LoginController.scala
2022.06.10 14:44:48 WARN  no build target for: F:\ScalaTest\play-samples-play-scala-hello-world-tutorial\app\controllers\LoginController.scala
2022.06.10 14:45:07 WARN  no build target for: F:\ScalaTest\play-samples-play-scala-hello-world-tutorial\app\controllers\LoginController.scala
2022.06.10 14:45:11 WARN  no build target for: F:\ScalaTest\play-samples-play-scala-hello-world-tutorial\app\controllers\LoginController.scala
2022.06.10 14:45:13 WARN  no build target for: F:\ScalaTest\play-samples-play-scala-hello-world-tutorial\app\controllers\LoginController.scala
2022.06.10 14:47:58 WARN  no build target for: F:\ScalaTest\play-samples-play-scala-hello-world-tutorial\app\controllers\LoginController.scala
2022.06.10 14:48:05 WARN  no build target for: F:\ScalaTest\play-samples-play-scala-hello-world-tutorial\app\controllers\LoginController.scala
2022.06.10 14:48:14 WARN  no build target for: F:\ScalaTest\play-samples-play-scala-hello-world-tutorial\app\controllers\LoginController.scala
2022.06.10 14:50:46 WARN  no build target for: F:\ScalaTest\play-samples-play-scala-hello-world-tutorial\app\controllers\LoginController.scala
2022.06.10 14:51:21 WARN  no build target for: F:\ScalaTest\play-samples-play-scala-hello-world-tutorial\app\controllers\LoginController.scala
2022.06.10 14:51:43 WARN  no build target for: F:\ScalaTest\play-samples-play-scala-hello-world-tutorial\app\controllers\LoginController.scala
2022.06.10 14:59:20 WARN  no build target for: F:\ScalaTest\play-samples-play-scala-hello-world-tutorial\app\controllers\LoginController.scala
2022.06.10 14:59:33 WARN  no build target for: F:\ScalaTest\play-samples-play-scala-hello-world-tutorial\app\controllers\LoginController.scala
2022.06.10 15:00:35 WARN  no build target for: F:\ScalaTest\play-samples-play-scala-hello-world-tutorial\app\controllers\LoginController.scala
2022.06.10 15:01:33 WARN  no build target for: F:\ScalaTest\play-samples-play-scala-hello-world-tutorial\app\controllers\LoginController.scala
2022.06.10 15:01:36 WARN  no build target for: F:\ScalaTest\play-samples-play-scala-hello-world-tutorial\app\controllers\LoginController.scala
2022.06.10 15:01:40 WARN  no build target for: F:\ScalaTest\play-samples-play-scala-hello-world-tutorial\app\controllers\LoginController.scala
2022.06.10 15:03:48 WARN  no build target for: F:\ScalaTest\play-samples-play-scala-hello-world-tutorial\app\controllers\LoginController.scala
2022.06.10 15:03:49 WARN  no build target for: F:\ScalaTest\play-samples-play-scala-hello-world-tutorial\app\controllers\LoginController.scala
2022.06.10 15:04:09 WARN  no build target for: F:\ScalaTest\play-samples-play-scala-hello-world-tutorial\app\controllers\LoginController.scala
2022.06.10 15:04:43 WARN  no build target for: F:\ScalaTest\play-samples-play-scala-hello-world-tutorial\app\controllers\LoginController.scala
2022.06.10 15:06:14 WARN  no build target for: F:\ScalaTest\play-samples-play-scala-hello-world-tutorial\app\controllers\LoginController.scala
2022.06.10 15:06:52 WARN  no build target for: F:\ScalaTest\play-samples-play-scala-hello-world-tutorial\app\controllers\LoginController.scala
2022.06.10 15:07:23 WARN  no build target for: F:\ScalaTest\play-samples-play-scala-hello-world-tutorial\app\controllers\LoginController.scala
2022.06.10 15:10:43 WARN  no build target for: F:\ScalaTest\play-samples-play-scala-hello-world-tutorial\app\controllers\LoginController.scala
2022.06.10 15:10:59 WARN  no build target for: F:\ScalaTest\play-samples-play-scala-hello-world-tutorial\app\controllers\LoginController.scala
2022.06.10 15:11:03 WARN  no build target for: F:\ScalaTest\play-samples-play-scala-hello-world-tutorial\app\controllers\LoginController.scala
2022.06.10 15:11:32 WARN  no build target for: F:\ScalaTest\play-samples-play-scala-hello-world-tutorial\app\controllers\LoginController.scala
2022.06.10 15:11:38 WARN  no build target for: F:\ScalaTest\play-samples-play-scala-hello-world-tutorial\app\controllers\LoginController.scala
2022.06.10 15:12:50 WARN  no build target for: F:\ScalaTest\play-samples-play-scala-hello-world-tutorial\app\controllers\LoginController.scala
2022.06.10 15:12:55 WARN  no build target for: F:\ScalaTest\play-samples-play-scala-hello-world-tutorial\app\controllers\LoginController.scala
2022.06.10 15:15:31 WARN  no build target for: F:\ScalaTest\play-samples-play-scala-hello-world-tutorial\app\controllers\LoginController.scala
2022.06.10 15:15:41 WARN  no build target for: F:\ScalaTest\play-samples-play-scala-hello-world-tutorial\app\controllers\LoginController.scala
2022.06.10 15:15:45 WARN  no build target for: F:\ScalaTest\play-samples-play-scala-hello-world-tutorial\app\controllers\LoginController.scala
2022.06.10 15:15:52 WARN  no build target for: F:\ScalaTest\play-samples-play-scala-hello-world-tutorial\app\controllers\LoginController.scala
juin 10, 2022 3:19:28 PM org.eclipse.lsp4j.jsonrpc.RemoteEndpoint handleCancellation
AVERTISSEMENT: Unmatched cancel notification for request id 2015
2022.06.10 15:19:50 WARN  no build target for: F:\ScalaTest\play-samples-play-scala-hello-world-tutorial\app\controllers\LoginController.scala
2022.06.10 15:19:51 WARN  no build target for: F:\ScalaTest\play-samples-play-scala-hello-world-tutorial\app\controllers\LoginController.scala
2022.06.10 15:19:56 WARN  no build target for: F:\ScalaTest\play-samples-play-scala-hello-world-tutorial\app\controllers\LoginController.scala
2022.06.10 15:26:23 WARN  no build target for: F:\ScalaTest\play-samples-play-scala-hello-world-tutorial\app\controllers\LoginController.scala
2022.06.10 15:26:32 WARN  no build target for: F:\ScalaTest\play-samples-play-scala-hello-world-tutorial\app\controllers\LoginController.scala
2022.06.10 15:26:40 WARN  no build target for: F:\ScalaTest\play-samples-play-scala-hello-world-tutorial\app\controllers\LoginController.scala
juin 10, 2022 3:27:04 PM org.eclipse.lsp4j.jsonrpc.RemoteEndpoint handleCancellation
AVERTISSEMENT: Unmatched cancel notification for request id 2119
2022.06.10 15:27:07 WARN  no build target for: F:\ScalaTest\play-samples-play-scala-hello-world-tutorial\app\controllers\LoginController.scala
2022.06.10 15:27:13 WARN  no build target for: F:\ScalaTest\play-samples-play-scala-hello-world-tutorial\app\controllers\LoginController.scala
2022.06.10 15:27:20 WARN  no build target for: F:\ScalaTest\play-samples-play-scala-hello-world-tutorial\app\controllers\LoginController.scala
2022.06.10 15:27:25 WARN  no build target for: F:\ScalaTest\play-samples-play-scala-hello-world-tutorial\app\controllers\LoginController.scala
2022.06.10 15:27:31 WARN  no build target for: F:\ScalaTest\play-samples-play-scala-hello-world-tutorial\app\controllers\LoginController.scala
2022.06.10 15:27:32 WARN  no build target for: F:\ScalaTest\play-samples-play-scala-hello-world-tutorial\app\controllers\LoginController.scala
2022.06.10 15:27:39 WARN  no build target for: F:\ScalaTest\play-samples-play-scala-hello-world-tutorial\app\controllers\LoginController.scala
2022.06.10 15:27:56 WARN  no build target for: F:\ScalaTest\play-samples-play-scala-hello-world-tutorial\app\controllers\LoginController.scala
2022.06.10 15:27:58 WARN  no build target for: F:\ScalaTest\play-samples-play-scala-hello-world-tutorial\app\controllers\LoginController.scala
2022.06.10 15:28:01 WARN  no build target for: F:\ScalaTest\play-samples-play-scala-hello-world-tutorial\app\controllers\LoginController.scala
2022.06.10 15:28:11 WARN  no build target for: F:\ScalaTest\play-samples-play-scala-hello-world-tutorial\app\controllers\LoginController.scala
2022.06.10 15:28:29 WARN  no build target for: F:\ScalaTest\play-samples-play-scala-hello-world-tutorial\app\controllers\LoginController.scala
2022.06.10 15:28:32 WARN  no build target for: F:\ScalaTest\play-samples-play-scala-hello-world-tutorial\app\controllers\LoginController.scala
2022.06.10 15:28:37 WARN  no build target for: F:\ScalaTest\play-samples-play-scala-hello-world-tutorial\app\controllers\LoginController.scala
2022.06.10 15:29:38 WARN  no build target for: F:\ScalaTest\play-samples-play-scala-hello-world-tutorial\app\controllers\LoginController.scala
2022.06.10 15:29:39 WARN  no build target for: F:\ScalaTest\play-samples-play-scala-hello-world-tutorial\app\controllers\LoginController.scala
2022.06.10 15:29:41 WARN  no build target for: F:\ScalaTest\play-samples-play-scala-hello-world-tutorial\app\controllers\LoginController.scala
2022.06.10 15:29:45 WARN  no build target for: F:\ScalaTest\play-samples-play-scala-hello-world-tutorial\app\controllers\LoginController.scala
2022.06.10 15:29:46 WARN  no build target for: F:\ScalaTest\play-samples-play-scala-hello-world-tutorial\app\controllers\LoginController.scala
2022.06.10 15:29:51 WARN  no build target for: F:\ScalaTest\play-samples-play-scala-hello-world-tutorial\app\controllers\LoginController.scala
2022.06.10 15:29:58 WARN  no build target for: F:\ScalaTest\play-samples-play-scala-hello-world-tutorial\app\controllers\LoginController.scala
2022.06.10 15:30:01 WARN  no build target for: F:\ScalaTest\play-samples-play-scala-hello-world-tutorial\app\controllers\LoginController.scala
2022.06.10 15:30:04 WARN  no build target for: F:\ScalaTest\play-samples-play-scala-hello-world-tutorial\app\controllers\LoginController.scala
2022.06.10 15:30:06 WARN  no build target for: F:\ScalaTest\play-samples-play-scala-hello-world-tutorial\app\controllers\LoginController.scala
2022.06.10 15:30:13 WARN  no build target for: F:\ScalaTest\play-samples-play-scala-hello-world-tutorial\app\controllers\LoginController.scala
2022.06.10 15:30:14 WARN  no build target for: F:\ScalaTest\play-samples-play-scala-hello-world-tutorial\app\controllers\LoginController.scala
2022.06.10 15:30:16 WARN  no build target for: F:\ScalaTest\play-samples-play-scala-hello-world-tutorial\app\controllers\LoginController.scala
2022.06.10 15:32:13 WARN  no build target for: F:\ScalaTest\play-samples-play-scala-hello-world-tutorial\app\controllers\LoginController.scala
2022.06.10 15:32:17 WARN  no build target for: F:\ScalaTest\play-samples-play-scala-hello-world-tutorial\app\controllers\LoginController.scala
2022.06.10 15:32:29 WARN  no build target for: F:\ScalaTest\play-samples-play-scala-hello-world-tutorial\app\controllers\LoginController.scala
2022.06.10 15:32:36 WARN  no build target for: F:\ScalaTest\play-samples-play-scala-hello-world-tutorial\app\controllers\LoginController.scala
2022.06.10 15:32:52 WARN  no build target for: F:\ScalaTest\play-samples-play-scala-hello-world-tutorial\app\controllers\LoginController.scala
2022.06.10 15:32:58 WARN  no build target for: F:\ScalaTest\play-samples-play-scala-hello-world-tutorial\app\controllers\LoginController.scala
2022.06.10 15:33:01 WARN  no build target for: F:\ScalaTest\play-samples-play-scala-hello-world-tutorial\app\controllers\LoginController.scala
2022.06.10 15:33:04 WARN  no build target for: F:\ScalaTest\play-samples-play-scala-hello-world-tutorial\app\controllers\LoginController.scala
2022.06.10 15:33:12 WARN  no build target for: F:\ScalaTest\play-samples-play-scala-hello-world-tutorial\app\controllers\LoginController.scala
2022.06.10 15:33:21 WARN  no build target for: F:\ScalaTest\play-samples-play-scala-hello-world-tutorial\app\controllers\LoginController.scala
2022.06.10 15:33:25 WARN  no build target for: F:\ScalaTest\play-samples-play-scala-hello-world-tutorial\app\controllers\LoginController.scala
2022.06.10 15:33:26 WARN  no build target for: F:\ScalaTest\play-samples-play-scala-hello-world-tutorial\app\controllers\LoginController.scala
2022.06.10 15:33:28 WARN  no build target for: F:\ScalaTest\play-samples-play-scala-hello-world-tutorial\app\controllers\LoginController.scala
2022.06.10 15:33:34 WARN  no build target for: F:\ScalaTest\play-samples-play-scala-hello-world-tutorial\app\controllers\LoginController.scala
2022.06.10 15:33:36 WARN  no build target for: F:\ScalaTest\play-samples-play-scala-hello-world-tutorial\app\controllers\LoginController.scala
2022.06.10 15:33:38 WARN  no build target for: F:\ScalaTest\play-samples-play-scala-hello-world-tutorial\app\controllers\LoginController.scala
2022.06.10 15:33:50 WARN  no build target for: F:\ScalaTest\play-samples-play-scala-hello-world-tutorial\app\controllers\LoginController.scala
2022.06.10 15:34:04 WARN  no build target for: F:\ScalaTest\play-samples-play-scala-hello-world-tutorial\app\controllers\LoginController.scala
