2022.06.09 15:53:48 INFO  tracing is disabled for protocol LSP, to enable tracing of incoming and outgoing JSON messages create an empty file at f:\ScalaTest\play-samples-play-scala-hello-world-tutorial\.metals\lsp.trace.json or C:\Users\WEB-PROD\AppData\Local\scalameta\metals\cache\lsp.trace.json
2022.06.09 15:54:02 INFO  logging to file F:\ScalaTest\play-samples-play-scala-hello-world-tutorial\.metals\metals.log
2022.06.09 15:54:02 INFO  Started: Metals version 0.11.6 in workspace 'F:\ScalaTest\play-samples-play-scala-hello-world-tutorial' for client Visual Studio Code 1.67.2.
2022.06.09 15:54:36 INFO  time: initialize in 33s
2022.06.09 15:54:45 WARN  Flyway upgrade recommended: H2 2.1.212 is newer than this version of Flyway and support has not been tested. The latest supported version of H2 is 2.1.210.
2022.06.09 15:54:47 WARN  Build server is not auto-connectable.
2022.06.09 15:54:49 WARN  no build target for: F:\ScalaTest\play-samples-play-scala-hello-world-tutorial\app\controllers\HomeController.scala
2022.06.09 15:56:25 INFO  no build target found for F:\ScalaTest\play-samples-play-scala-hello-world-tutorial\app\controllers\HomeController.scala. Using presentation compiler with project's scala-library version: 3.1.2
2022.06.09 15:56:55 INFO  time: code lens generation in 2m4s
2022.06.09 15:59:08 WARN  no build target for: F:\ScalaTest\play-samples-play-scala-hello-world-tutorial\app\controllers\HomeController.scala
2022.06.09 16:00:00 WARN  no build target for: F:\ScalaTest\play-samples-play-scala-hello-world-tutorial\app\controllers\HomeController.scala
2022.06.09 16:07:54 WARN  no build target for: F:\ScalaTest\play-samples-play-scala-hello-world-tutorial\app\views\test.scala.html.scala
2022.06.09 16:08:46 WARN  no build target for: F:\ScalaTest\play-samples-play-scala-hello-world-tutorial\app\controllers\TestController.scala
2022.06.09 16:08:52 WARN  no build target for: F:\ScalaTest\play-samples-play-scala-hello-world-tutorial\app\controllers\HomeController.scala
juin 09, 2022 4:09:05 PM org.eclipse.lsp4j.jsonrpc.RemoteEndpoint fallbackResponseError
GRAVE: Internal error: java.lang.reflect.InvocationTargetException
java.lang.RuntimeException: java.lang.reflect.InvocationTargetException
	at org.eclipse.lsp4j.jsonrpc.services.GenericEndpoint.lambda$null$0(GenericEndpoint.java:67)
	at org.eclipse.lsp4j.jsonrpc.services.GenericEndpoint.request(GenericEndpoint.java:120)
	at org.eclipse.lsp4j.jsonrpc.RemoteEndpoint.handleRequest(RemoteEndpoint.java:261)
	at org.eclipse.lsp4j.jsonrpc.RemoteEndpoint.consume(RemoteEndpoint.java:190)
	at org.eclipse.lsp4j.jsonrpc.json.StreamMessageProducer.handleMessage(StreamMessageProducer.java:194)
	at org.eclipse.lsp4j.jsonrpc.json.StreamMessageProducer.listen(StreamMessageProducer.java:94)
	at org.eclipse.lsp4j.jsonrpc.json.ConcurrentMessageProcessor.run(ConcurrentMessageProcessor.java:113)
	at java.util.concurrent.Executors$RunnableAdapter.call(Executors.java:511)
	at java.util.concurrent.FutureTask.run(FutureTask.java:266)
	at java.util.concurrent.ThreadPoolExecutor.runWorker(ThreadPoolExecutor.java:1149)
	at java.util.concurrent.ThreadPoolExecutor$Worker.run(ThreadPoolExecutor.java:624)
	at java.lang.Thread.run(Thread.java:748)
Caused by: java.lang.reflect.InvocationTargetException
	at sun.reflect.NativeMethodAccessorImpl.invoke0(Native Method)
	at sun.reflect.NativeMethodAccessorImpl.invoke(NativeMethodAccessorImpl.java:62)
	at sun.reflect.DelegatingMethodAccessorImpl.invoke(DelegatingMethodAccessorImpl.java:43)
	at java.lang.reflect.Method.invoke(Method.java:498)
	at org.eclipse.lsp4j.jsonrpc.services.GenericEndpoint.lambda$null$0(GenericEndpoint.java:65)
	... 11 more
Caused by: java.lang.IllegalArgumentException: 11 is not a valid line number, allowed [0..0]
	at scala.meta.internal.inputs.InternalInput.lineToOffset(InternalInput.scala:37)
	at scala.meta.internal.inputs.InternalInput.lineToOffset$(InternalInput.scala:32)
	at scala.meta.inputs.Input$VirtualFile.lineToOffset(Input.scala:80)
	at scala.meta.inputs.Position$Range$.apply(Position.scala:59)
	at scala.meta.internal.mtags.MtagsEnrichments$XtensionPositionLspInverse.toMeta(MtagsEnrichments.scala:179)
	at scala.meta.internal.parsing.Trees.$anonfun$findLastEnclosingAt$4(Trees.scala:76)
	at scala.Option.flatMap(Option.scala:283)
	at scala.meta.internal.parsing.Trees.findLastEnclosingAt(Trees.scala:75)
	at scala.meta.internal.metals.codeactions.PatternMatchRefactor.contribute(PatternMatchRefactor.scala:96)
	at scala.meta.internal.metals.CodeActionProvider$$anonfun$1.applyOrElse(CodeActionProvider.scala:64)
	at scala.meta.internal.metals.CodeActionProvider$$anonfun$1.applyOrElse(CodeActionProvider.scala:63)
	at scala.collection.immutable.List.collect(List.scala:275)
	at scala.meta.internal.metals.CodeActionProvider.codeActions(CodeActionProvider.scala:63)
	at scala.meta.internal.metals.MetalsLanguageServer.$anonfun$codeAction$1(MetalsLanguageServer.scala:1649)
	at scala.meta.internal.metals.CancelTokens$.future(CancelTokens.scala:38)
	at scala.meta.internal.metals.MetalsLanguageServer.codeAction(MetalsLanguageServer.scala:1648)
	... 16 more

juin 09, 2022 4:09:05 PM org.eclipse.lsp4j.jsonrpc.RemoteEndpoint fallbackResponseError
GRAVE: Internal error: java.lang.reflect.InvocationTargetException
java.lang.RuntimeException: java.lang.reflect.InvocationTargetException
	at org.eclipse.lsp4j.jsonrpc.services.GenericEndpoint.lambda$null$0(GenericEndpoint.java:67)
	at org.eclipse.lsp4j.jsonrpc.services.GenericEndpoint.request(GenericEndpoint.java:120)
	at org.eclipse.lsp4j.jsonrpc.RemoteEndpoint.handleRequest(RemoteEndpoint.java:261)
	at org.eclipse.lsp4j.jsonrpc.RemoteEndpoint.consume(RemoteEndpoint.java:190)
	at org.eclipse.lsp4j.jsonrpc.json.StreamMessageProducer.handleMessage(StreamMessageProducer.java:194)
	at org.eclipse.lsp4j.jsonrpc.json.StreamMessageProducer.listen(StreamMessageProducer.java:94)
	at org.eclipse.lsp4j.jsonrpc.json.ConcurrentMessageProcessor.run(ConcurrentMessageProcessor.java:113)
	at java.util.concurrent.Executors$RunnableAdapter.call(Executors.java:511)
	at java.util.concurrent.FutureTask.run(FutureTask.java:266)
	at java.util.concurrent.ThreadPoolExecutor.runWorker(ThreadPoolExecutor.java:1149)
	at java.util.concurrent.ThreadPoolExecutor$Worker.run(ThreadPoolExecutor.java:624)
	at java.lang.Thread.run(Thread.java:748)
Caused by: java.lang.reflect.InvocationTargetException
	at sun.reflect.NativeMethodAccessorImpl.invoke0(Native Method)
	at sun.reflect.NativeMethodAccessorImpl.invoke(NativeMethodAccessorImpl.java:62)
	at sun.reflect.DelegatingMethodAccessorImpl.invoke(DelegatingMethodAccessorImpl.java:43)
	at java.lang.reflect.Method.invoke(Method.java:498)
	at org.eclipse.lsp4j.jsonrpc.services.GenericEndpoint.lambda$null$0(GenericEndpoint.java:65)
	... 11 more
Caused by: java.lang.IllegalArgumentException: 11 is not a valid line number, allowed [0..0]
	at scala.meta.internal.inputs.InternalInput.lineToOffset(InternalInput.scala:37)
	at scala.meta.internal.inputs.InternalInput.lineToOffset$(InternalInput.scala:32)
	at scala.meta.inputs.Input$VirtualFile.lineToOffset(Input.scala:80)
	at scala.meta.inputs.Position$Range$.apply(Position.scala:59)
	at scala.meta.internal.mtags.MtagsEnrichments$XtensionPositionLspInverse.toMeta(MtagsEnrichments.scala:179)
	at scala.meta.internal.parsing.Trees.$anonfun$findLastEnclosingAt$4(Trees.scala:76)
	at scala.Option.flatMap(Option.scala:283)
	at scala.meta.internal.parsing.Trees.findLastEnclosingAt(Trees.scala:75)
	at scala.meta.internal.metals.codeactions.PatternMatchRefactor.contribute(PatternMatchRefactor.scala:96)
	at scala.meta.internal.metals.CodeActionProvider$$anonfun$1.applyOrElse(CodeActionProvider.scala:64)
	at scala.meta.internal.metals.CodeActionProvider$$anonfun$1.applyOrElse(CodeActionProvider.scala:63)
	at scala.collection.immutable.List.collect(List.scala:275)
	at scala.meta.internal.metals.CodeActionProvider.codeActions(CodeActionProvider.scala:63)
	at scala.meta.internal.metals.MetalsLanguageServer.$anonfun$codeAction$1(MetalsLanguageServer.scala:1649)
	at scala.meta.internal.metals.CancelTokens$.future(CancelTokens.scala:38)
	at scala.meta.internal.metals.MetalsLanguageServer.codeAction(MetalsLanguageServer.scala:1648)
	... 16 more

2022.06.09 16:09:06 WARN  no build target for: F:\ScalaTest\play-samples-play-scala-hello-world-tutorial\app\controllers\TestController.scala
juin 09, 2022 4:09:06 PM org.eclipse.lsp4j.jsonrpc.RemoteEndpoint fallbackResponseError
GRAVE: Internal error: java.lang.reflect.InvocationTargetException
java.lang.RuntimeException: java.lang.reflect.InvocationTargetException
	at org.eclipse.lsp4j.jsonrpc.services.GenericEndpoint.lambda$null$0(GenericEndpoint.java:67)
	at org.eclipse.lsp4j.jsonrpc.services.GenericEndpoint.request(GenericEndpoint.java:120)
	at org.eclipse.lsp4j.jsonrpc.RemoteEndpoint.handleRequest(RemoteEndpoint.java:261)
	at org.eclipse.lsp4j.jsonrpc.RemoteEndpoint.consume(RemoteEndpoint.java:190)
	at org.eclipse.lsp4j.jsonrpc.json.StreamMessageProducer.handleMessage(StreamMessageProducer.java:194)
	at org.eclipse.lsp4j.jsonrpc.json.StreamMessageProducer.listen(StreamMessageProducer.java:94)
	at org.eclipse.lsp4j.jsonrpc.json.ConcurrentMessageProcessor.run(ConcurrentMessageProcessor.java:113)
	at java.util.concurrent.Executors$RunnableAdapter.call(Executors.java:511)
	at java.util.concurrent.FutureTask.run(FutureTask.java:266)
	at java.util.concurrent.ThreadPoolExecutor.runWorker(ThreadPoolExecutor.java:1149)
	at java.util.concurrent.ThreadPoolExecutor$Worker.run(ThreadPoolExecutor.java:624)
	at java.lang.Thread.run(Thread.java:748)
Caused by: java.lang.reflect.InvocationTargetException
	at sun.reflect.NativeMethodAccessorImpl.invoke0(Native Method)
	at sun.reflect.NativeMethodAccessorImpl.invoke(NativeMethodAccessorImpl.java:62)
	at sun.reflect.DelegatingMethodAccessorImpl.invoke(DelegatingMethodAccessorImpl.java:43)
	at java.lang.reflect.Method.invoke(Method.java:498)
	at org.eclipse.lsp4j.jsonrpc.services.GenericEndpoint.lambda$null$0(GenericEndpoint.java:65)
	... 11 more
Caused by: java.lang.IllegalArgumentException: 11 is not a valid line number, allowed [0..0]
	at scala.meta.internal.inputs.InternalInput.lineToOffset(InternalInput.scala:37)
	at scala.meta.internal.inputs.InternalInput.lineToOffset$(InternalInput.scala:32)
	at scala.meta.inputs.Input$VirtualFile.lineToOffset(Input.scala:80)
	at scala.meta.inputs.Position$Range$.apply(Position.scala:59)
	at scala.meta.internal.mtags.MtagsEnrichments$XtensionPositionLspInverse.toMeta(MtagsEnrichments.scala:179)
	at scala.meta.internal.parsing.Trees.$anonfun$findLastEnclosingAt$4(Trees.scala:76)
	at scala.Option.flatMap(Option.scala:283)
	at scala.meta.internal.parsing.Trees.findLastEnclosingAt(Trees.scala:75)
	at scala.meta.internal.metals.codeactions.PatternMatchRefactor.contribute(PatternMatchRefactor.scala:96)
	at scala.meta.internal.metals.CodeActionProvider$$anonfun$1.applyOrElse(CodeActionProvider.scala:64)
	at scala.meta.internal.metals.CodeActionProvider$$anonfun$1.applyOrElse(CodeActionProvider.scala:63)
	at scala.collection.immutable.List.collect(List.scala:275)
	at scala.meta.internal.metals.CodeActionProvider.codeActions(CodeActionProvider.scala:63)
	at scala.meta.internal.metals.MetalsLanguageServer.$anonfun$codeAction$1(MetalsLanguageServer.scala:1649)
	at scala.meta.internal.metals.CancelTokens$.future(CancelTokens.scala:38)
	at scala.meta.internal.metals.MetalsLanguageServer.codeAction(MetalsLanguageServer.scala:1648)
	... 16 more

juin 09, 2022 4:09:11 PM org.eclipse.lsp4j.jsonrpc.RemoteEndpoint fallbackResponseError
GRAVE: Internal error: java.lang.reflect.InvocationTargetException
java.lang.RuntimeException: java.lang.reflect.InvocationTargetException
	at org.eclipse.lsp4j.jsonrpc.services.GenericEndpoint.lambda$null$0(GenericEndpoint.java:67)
	at org.eclipse.lsp4j.jsonrpc.services.GenericEndpoint.request(GenericEndpoint.java:120)
	at org.eclipse.lsp4j.jsonrpc.RemoteEndpoint.handleRequest(RemoteEndpoint.java:261)
	at org.eclipse.lsp4j.jsonrpc.RemoteEndpoint.consume(RemoteEndpoint.java:190)
	at org.eclipse.lsp4j.jsonrpc.json.StreamMessageProducer.handleMessage(StreamMessageProducer.java:194)
	at org.eclipse.lsp4j.jsonrpc.json.StreamMessageProducer.listen(StreamMessageProducer.java:94)
	at org.eclipse.lsp4j.jsonrpc.json.ConcurrentMessageProcessor.run(ConcurrentMessageProcessor.java:113)
	at java.util.concurrent.Executors$RunnableAdapter.call(Executors.java:511)
	at java.util.concurrent.FutureTask.run(FutureTask.java:266)
	at java.util.concurrent.ThreadPoolExecutor.runWorker(ThreadPoolExecutor.java:1149)
	at java.util.concurrent.ThreadPoolExecutor$Worker.run(ThreadPoolExecutor.java:624)
	at java.lang.Thread.run(Thread.java:748)
Caused by: java.lang.reflect.InvocationTargetException
	at sun.reflect.GeneratedMethodAccessor3.invoke(Unknown Source)
	at sun.reflect.DelegatingMethodAccessorImpl.invoke(DelegatingMethodAccessorImpl.java:43)
	at java.lang.reflect.Method.invoke(Method.java:498)
	at org.eclipse.lsp4j.jsonrpc.services.GenericEndpoint.lambda$null$0(GenericEndpoint.java:65)
	... 11 more
Caused by: java.lang.IllegalArgumentException: 11 is not a valid line number, allowed [0..0]
	at scala.meta.internal.inputs.InternalInput.lineToOffset(InternalInput.scala:37)
	at scala.meta.internal.inputs.InternalInput.lineToOffset$(InternalInput.scala:32)
	at scala.meta.inputs.Input$VirtualFile.lineToOffset(Input.scala:80)
	at scala.meta.inputs.Position$Range$.apply(Position.scala:59)
	at scala.meta.internal.mtags.MtagsEnrichments$XtensionPositionLspInverse.toMeta(MtagsEnrichments.scala:179)
	at scala.meta.internal.parsing.Trees.$anonfun$findLastEnclosingAt$4(Trees.scala:76)
	at scala.Option.flatMap(Option.scala:283)
	at scala.meta.internal.parsing.Trees.findLastEnclosingAt(Trees.scala:75)
	at scala.meta.internal.metals.codeactions.PatternMatchRefactor.contribute(PatternMatchRefactor.scala:96)
	at scala.meta.internal.metals.CodeActionProvider$$anonfun$1.applyOrElse(CodeActionProvider.scala:64)
	at scala.meta.internal.metals.CodeActionProvider$$anonfun$1.applyOrElse(CodeActionProvider.scala:63)
	at scala.collection.immutable.List.collect(List.scala:275)
	at scala.meta.internal.metals.CodeActionProvider.codeActions(CodeActionProvider.scala:63)
	at scala.meta.internal.metals.MetalsLanguageServer.$anonfun$codeAction$1(MetalsLanguageServer.scala:1649)
	at scala.meta.internal.metals.CancelTokens$.future(CancelTokens.scala:38)
	at scala.meta.internal.metals.MetalsLanguageServer.codeAction(MetalsLanguageServer.scala:1648)
	... 15 more

2022.06.09 16:09:15 WARN  no build target for: F:\ScalaTest\play-samples-play-scala-hello-world-tutorial\app\controllers\TestController.scala
2022.06.09 16:09:17 WARN  no build target for: F:\ScalaTest\play-samples-play-scala-hello-world-tutorial\app\controllers\TestController.scala
2022.06.09 16:09:20 WARN  no build target for: F:\ScalaTest\play-samples-play-scala-hello-world-tutorial\app\controllers\TestController.scala
2022.06.09 16:09:25 WARN  no build target for: F:\ScalaTest\play-samples-play-scala-hello-world-tutorial\app\controllers\TestController.scala
2022.06.09 16:09:34 WARN  no build target for: F:\ScalaTest\play-samples-play-scala-hello-world-tutorial\app\controllers\TestController.scala
2022.06.09 16:09:55 WARN  no build target for: F:\ScalaTest\play-samples-play-scala-hello-world-tutorial\app\controllers\TestController.scala
2022.06.09 16:10:05 WARN  no build target for: F:\ScalaTest\play-samples-play-scala-hello-world-tutorial\app\controllers\TestController.scala
2022.06.09 16:11:04 WARN  no build target for: F:\ScalaTest\play-samples-play-scala-hello-world-tutorial\app\views\test.scala.html.scala
juin 09, 2022 4:14:08 PM org.eclipse.lsp4j.jsonrpc.services.GenericEndpoint notify
INFOS: Unsupported notification method: $/setTrace
juin 09, 2022 4:14:08 PM org.eclipse.lsp4j.jsonrpc.services.GenericEndpoint notify
INFOS: Unsupported notification method: $/setTrace
juin 09, 2022 4:14:08 PM org.eclipse.lsp4j.jsonrpc.services.GenericEndpoint notify
INFOS: Unsupported notification method: $/setTrace
juin 09, 2022 4:14:08 PM org.eclipse.lsp4j.jsonrpc.services.GenericEndpoint notify
INFOS: Unsupported notification method: $/setTrace
juin 09, 2022 4:14:08 PM org.eclipse.lsp4j.jsonrpc.services.GenericEndpoint notify
INFOS: Unsupported notification method: $/setTrace
juin 09, 2022 4:14:08 PM org.eclipse.lsp4j.jsonrpc.services.GenericEndpoint notify
INFOS: Unsupported notification method: $/setTrace
juin 09, 2022 4:14:08 PM org.eclipse.lsp4j.jsonrpc.services.GenericEndpoint notify
INFOS: Unsupported notification method: $/setTrace
juin 09, 2022 4:14:08 PM org.eclipse.lsp4j.jsonrpc.services.GenericEndpoint notify
INFOS: Unsupported notification method: $/setTrace
juin 09, 2022 4:14:08 PM org.eclipse.lsp4j.jsonrpc.services.GenericEndpoint notify
INFOS: Unsupported notification method: $/setTrace
juin 09, 2022 4:14:08 PM org.eclipse.lsp4j.jsonrpc.services.GenericEndpoint notify
INFOS: Unsupported notification method: $/setTrace
juin 09, 2022 4:14:08 PM org.eclipse.lsp4j.jsonrpc.services.GenericEndpoint notify
INFOS: Unsupported notification method: $/setTrace
juin 09, 2022 4:14:08 PM org.eclipse.lsp4j.jsonrpc.services.GenericEndpoint notify
INFOS: Unsupported notification method: $/setTrace
juin 09, 2022 4:14:08 PM org.eclipse.lsp4j.jsonrpc.services.GenericEndpoint notify
INFOS: Unsupported notification method: $/setTrace
juin 09, 2022 4:14:08 PM org.eclipse.lsp4j.jsonrpc.services.GenericEndpoint notify
INFOS: Unsupported notification method: $/setTrace
juin 09, 2022 4:14:08 PM org.eclipse.lsp4j.jsonrpc.services.GenericEndpoint notify
INFOS: Unsupported notification method: $/setTrace
juin 09, 2022 4:14:08 PM org.eclipse.lsp4j.jsonrpc.services.GenericEndpoint notify
INFOS: Unsupported notification method: $/setTrace
juin 09, 2022 4:14:08 PM org.eclipse.lsp4j.jsonrpc.services.GenericEndpoint notify
INFOS: Unsupported notification method: $/setTrace
juin 09, 2022 4:14:08 PM org.eclipse.lsp4j.jsonrpc.services.GenericEndpoint notify
INFOS: Unsupported notification method: $/setTrace
juin 09, 2022 4:14:08 PM org.eclipse.lsp4j.jsonrpc.services.GenericEndpoint notify
INFOS: Unsupported notification method: $/setTrace
juin 09, 2022 4:14:08 PM org.eclipse.lsp4j.jsonrpc.services.GenericEndpoint notify
INFOS: Unsupported notification method: $/setTrace
juin 09, 2022 4:14:08 PM org.eclipse.lsp4j.jsonrpc.services.GenericEndpoint notify
INFOS: Unsupported notification method: $/setTrace
juin 09, 2022 4:14:08 PM org.eclipse.lsp4j.jsonrpc.services.GenericEndpoint notify
INFOS: Unsupported notification method: $/setTrace
juin 09, 2022 4:14:08 PM org.eclipse.lsp4j.jsonrpc.services.GenericEndpoint notify
INFOS: Unsupported notification method: $/setTrace
juin 09, 2022 4:14:08 PM org.eclipse.lsp4j.jsonrpc.services.GenericEndpoint notify
INFOS: Unsupported notification method: $/setTrace
juin 09, 2022 4:14:08 PM org.eclipse.lsp4j.jsonrpc.services.GenericEndpoint notify
INFOS: Unsupported notification method: $/setTrace
juin 09, 2022 4:14:08 PM org.eclipse.lsp4j.jsonrpc.services.GenericEndpoint notify
INFOS: Unsupported notification method: $/setTrace
juin 09, 2022 4:14:08 PM org.eclipse.lsp4j.jsonrpc.services.GenericEndpoint notify
INFOS: Unsupported notification method: $/setTrace
juin 09, 2022 4:14:08 PM org.eclipse.lsp4j.jsonrpc.services.GenericEndpoint notify
INFOS: Unsupported notification method: $/setTrace
juin 09, 2022 4:14:08 PM org.eclipse.lsp4j.jsonrpc.services.GenericEndpoint notify
INFOS: Unsupported notification method: $/setTrace
juin 09, 2022 4:14:08 PM org.eclipse.lsp4j.jsonrpc.services.GenericEndpoint notify
INFOS: Unsupported notification method: $/setTrace
juin 09, 2022 4:14:08 PM org.eclipse.lsp4j.jsonrpc.services.GenericEndpoint notify
INFOS: Unsupported notification method: $/setTrace
juin 09, 2022 4:14:08 PM org.eclipse.lsp4j.jsonrpc.services.GenericEndpoint notify
INFOS: Unsupported notification method: $/setTrace
juin 09, 2022 4:14:20 PM org.eclipse.lsp4j.jsonrpc.RemoteEndpoint handleCancellation
AVERTISSEMENT: Unmatched cancel notification for request id 170
juin 09, 2022 4:14:24 PM org.eclipse.lsp4j.jsonrpc.RemoteEndpoint handleCancellation
AVERTISSEMENT: Unmatched cancel notification for request id 175
juin 09, 2022 4:14:34 PM org.eclipse.lsp4j.jsonrpc.RemoteEndpoint handleCancellation
AVERTISSEMENT: Unmatched cancel notification for request id 187
2022.06.09 16:14:40 WARN  no build target for: F:\ScalaTest\play-samples-play-scala-hello-world-tutorial\app\controllers\TestController.scala
2022.06.09 16:15:42 WARN  no build target for: F:\ScalaTest\play-samples-play-scala-hello-world-tutorial\app\controllers\HomeController.scala
2022.06.09 16:16:02 WARN  no build target for: F:\ScalaTest\play-samples-play-scala-hello-world-tutorial\app\controllers\TestController.scala
2022.06.09 16:16:36 WARN  no build target for: F:\ScalaTest\play-samples-play-scala-hello-world-tutorial\app\controllers\TestController.scala
2022.06.09 16:17:08 WARN  no build target for: F:\ScalaTest\play-samples-play-scala-hello-world-tutorial\app\controllers\TestController.scala
2022.06.09 16:17:38 WARN  no build target for: F:\ScalaTest\play-samples-play-scala-hello-world-tutorial\app\controllers\TestController.scala
2022.06.09 16:17:59 WARN  no build target for: F:\ScalaTest\play-samples-play-scala-hello-world-tutorial\app\controllers\TestController.scala
2022.06.09 16:18:01 WARN  no build target for: F:\ScalaTest\play-samples-play-scala-hello-world-tutorial\app\controllers\TestController.scala
2022.06.09 16:18:36 WARN  no build target for: F:\ScalaTest\play-samples-play-scala-hello-world-tutorial\app\controllers\TestController.scala
2022.06.09 16:18:40 WARN  no build target for: F:\ScalaTest\play-samples-play-scala-hello-world-tutorial\app\controllers\TestController.scala
2022.06.09 16:18:49 WARN  no build target for: F:\ScalaTest\play-samples-play-scala-hello-world-tutorial\app\controllers\TestController.scala
2022.06.09 16:22:49 WARN  no build target for: F:\ScalaTest\play-samples-play-scala-hello-world-tutorial\app\controllers\HomeController.scala
2022.06.09 16:22:49 WARN  no build target for: F:\ScalaTest\play-samples-play-scala-hello-world-tutorial\app\controllers\TestController.scala
2022.06.09 16:22:53 WARN  Build server is not auto-connectable.
2022.06.09 16:22:58 INFO  Attempting to connect to the build server...
2022.06.09 16:23:47 ERROR Starting the bsp launcher for bloop...
2022.06.09 16:23:47 ERROR Opening a bsp server connection with 'bsp --protocol tcp --port 39409'...
2022.06.09 16:23:47 ERROR Waiting for the bsp connection to come up...
2022.06.09 16:23:47 ERROR Waiting for the bsp connection to come up...
2022.06.09 16:23:47 ERROR Waiting for the bsp connection to come up...
2022.06.09 16:23:47 ERROR Waiting for the bsp connection to come up...
2022.06.09 16:23:47 ERROR Waiting for the bsp connection to come up...
2022.06.09 16:23:47 ERROR Waiting for the bsp connection to come up...
2022.06.09 16:23:47 ERROR Waiting for the bsp connection to come up...
2022.06.09 16:23:47 ERROR Waiting for the bsp connection to come up...
2022.06.09 16:23:47 ERROR Waiting for the bsp connection to come up...
2022.06.09 16:23:47 ERROR Waiting for the bsp connection to come up...
2022.06.09 16:23:47 ERROR Waiting for the bsp connection to come up...
2022.06.09 16:23:47 ERROR Waiting for the bsp connection to come up...
2022.06.09 16:23:47 ERROR Waiting for the bsp connection to come up...
2022.06.09 16:23:47 ERROR Waiting for the bsp connection to come up...
2022.06.09 16:23:47 ERROR Waiting for the bsp connection to come up...
2022.06.09 16:23:47 ERROR Waiting for the bsp connection to come up...
2022.06.09 16:23:47 ERROR Waiting for the bsp connection to come up...
2022.06.09 16:23:47 ERROR Waiting for the bsp connection to come up...
2022.06.09 16:23:47 ERROR Waiting for the bsp connection to come up...
2022.06.09 16:23:47 ERROR Waiting for the bsp connection to come up...
2022.06.09 16:23:47 ERROR Waiting for the bsp connection to come up...
2022.06.09 16:23:47 ERROR Waiting for the bsp connection to come up...
2022.06.09 16:23:47 ERROR Waiting for the bsp connection to come up...
2022.06.09 16:23:47 ERROR Waiting for the bsp connection to come up...
2022.06.09 16:23:47 ERROR Waiting for the bsp connection to come up...
2022.06.09 16:23:47 ERROR Waiting for the bsp connection to come up...
2022.06.09 16:23:47 ERROR Waiting for the bsp connection to come up...
2022.06.09 16:23:47 ERROR Waiting for the bsp connection to come up...
2022.06.09 16:23:47 ERROR Waiting for the bsp connection to come up...
2022.06.09 16:23:47 ERROR Waiting for the bsp connection to come up...
2022.06.09 16:23:47 ERROR Waiting for the bsp connection to come up...
2022.06.09 16:23:47 ERROR error: Giving up on waiting for a connection, printing embedded bloop logs:
2022.06.09 16:23:47 ERROR > No server running at 127.0.0.1:8212, let's fire one...
2022.06.09 16:23:47 ERROR > Resolving ch.epfl.scala:bloop-frontend_2.12:1.5.0-18-003e6c7b...
2022.06.09 16:23:47 ERROR > Attempting a connection to the server...
2022.06.09 16:23:47 ERROR > Starting bloop server at 127.0.0.1:8212...
2022.06.09 16:23:47 ERROR > Attempting a connection to the server...
2022.06.09 16:23:47 ERROR > Attempting a connection to the server...
2022.06.09 16:23:47 ERROR > Attempting a connection to the server...
2022.06.09 16:23:47 ERROR error: The launcher failed to establish a bsp connection, aborting...
2022.06.09 16:23:47 ERROR Failed to connect with build server, no functionality will work.
java.lang.RuntimeException: The server did not start, got FailedToOpenBspConnection
	at bloop.launcher.LauncherMain.failPromise$1(Launcher.scala:92)
	at bloop.launcher.LauncherMain.runLauncher(Launcher.scala:119)
	at scala.meta.internal.metals.BloopServers$$anon$2.run(BloopServers.scala:434)
	at java.util.concurrent.Executors$RunnableAdapter.call(Executors.java:511)
	at java.util.concurrent.FutureTask.run(FutureTask.java:266)
	at java.util.concurrent.ThreadPoolExecutor.runWorker(ThreadPoolExecutor.java:1149)
	at java.util.concurrent.ThreadPoolExecutor$Worker.run(ThreadPoolExecutor.java:624)
	at java.lang.Thread.run(Thread.java:748)

2022.06.09 16:31:07 WARN  no build target for: F:\ScalaTest\play-samples-play-scala-hello-world-tutorial\app\controllers\TestController.scala
2022.06.09 16:40:11 INFO  shutting down Metals
2022.06.09 16:40:12 ERROR Unexpected error initializing server
org.eclipse.lsp4j.jsonrpc.ResponseErrorException: Request window/showMessageRequest failed with message: Canceled
	at org.eclipse.lsp4j.jsonrpc.RemoteEndpoint.handleResponse(RemoteEndpoint.java:209)
	at org.eclipse.lsp4j.jsonrpc.RemoteEndpoint.consume(RemoteEndpoint.java:193)
	at org.eclipse.lsp4j.jsonrpc.json.StreamMessageProducer.handleMessage(StreamMessageProducer.java:194)
	at org.eclipse.lsp4j.jsonrpc.json.StreamMessageProducer.listen(StreamMessageProducer.java:94)
	at org.eclipse.lsp4j.jsonrpc.json.ConcurrentMessageProcessor.run(ConcurrentMessageProcessor.java:113)
	at java.util.concurrent.Executors$RunnableAdapter.call(Executors.java:511)
	at java.util.concurrent.FutureTask.run(FutureTask.java:266)
	at java.util.concurrent.ThreadPoolExecutor.runWorker(ThreadPoolExecutor.java:1149)
	at java.util.concurrent.ThreadPoolExecutor$Worker.run(ThreadPoolExecutor.java:624)
	at java.lang.Thread.run(Thread.java:748)

2022.06.10 09:45:01 INFO  tracing is disabled for protocol LSP, to enable tracing of incoming and outgoing JSON messages create an empty file at f:\ScalaTest\play-samples-play-scala-hello-world-tutorial\.metals\lsp.trace.json or C:\Users\WEB-PROD\AppData\Local\scalameta\metals\cache\lsp.trace.json
2022.06.10 09:45:04 INFO  logging to file F:\ScalaTest\play-samples-play-scala-hello-world-tutorial\.metals\metals.log
2022.06.10 09:45:04 INFO  Started: Metals version 0.11.6 in workspace 'F:\ScalaTest\play-samples-play-scala-hello-world-tutorial' for client Visual Studio Code 1.67.2.
2022.06.10 09:45:08 INFO  time: initialize in 4.4s
2022.06.10 09:45:12 WARN  Flyway upgrade recommended: H2 2.1.212 is newer than this version of Flyway and support has not been tested. The latest supported version of H2 is 2.1.210.
2022.06.10 09:45:22 WARN  Build server is not auto-connectable.
2022.06.10 09:45:23 INFO  skipping build import with status 'Requested'
2022.06.10 09:45:23 WARN  no build target for: F:\ScalaTest\play-samples-play-scala-hello-world-tutorial\app\controllers\TestController.scala
2022.06.10 09:46:18 INFO  no build target found for F:\ScalaTest\play-samples-play-scala-hello-world-tutorial\app\controllers\TestController.scala. Using presentation compiler with project's scala-library version: 3.1.2
2022.06.10 09:46:23 INFO  time: code lens generation in 56s
2022.06.10 11:54:11 WARN  no build target for: F:\ScalaTest\play-samples-play-scala-hello-world-tutorial\app\controllers\TestController.scala
2022.06.10 11:54:13 WARN  no build target for: F:\ScalaTest\play-samples-play-scala-hello-world-tutorial\app\controllers\TestController.scala
2022.06.10 11:54:22 WARN  no build target for: F:\ScalaTest\play-samples-play-scala-hello-world-tutorial\app\controllers\TestController.scala
2022.06.10 11:54:25 WARN  no build target for: F:\ScalaTest\play-samples-play-scala-hello-world-tutorial\app\controllers\TestController.scala
2022.06.10 11:54:31 WARN  no build target for: F:\ScalaTest\play-samples-play-scala-hello-world-tutorial\app\controllers\TestController.scala
2022.06.10 11:54:34 WARN  no build target for: F:\ScalaTest\play-samples-play-scala-hello-world-tutorial\app\controllers\TestController.scala
2022.06.10 11:54:36 WARN  no build target for: F:\ScalaTest\play-samples-play-scala-hello-world-tutorial\app\controllers\TestController.scala
2022.06.10 11:54:40 WARN  no build target for: F:\ScalaTest\play-samples-play-scala-hello-world-tutorial\app\controllers\TestController.scala
2022.06.10 11:54:47 WARN  no build target for: F:\ScalaTest\play-samples-play-scala-hello-world-tutorial\app\controllers\TestController.scala
2022.06.10 11:54:51 WARN  no build target for: F:\ScalaTest\play-samples-play-scala-hello-world-tutorial\app\controllers\TestController.scala
2022.06.10 11:54:54 WARN  no build target for: F:\ScalaTest\play-samples-play-scala-hello-world-tutorial\app\controllers\TestController.scala
2022.06.10 11:54:57 WARN  no build target for: F:\ScalaTest\play-samples-play-scala-hello-world-tutorial\app\controllers\TestController.scala
2022.06.10 11:55:06 WARN  no build target for: F:\ScalaTest\play-samples-play-scala-hello-world-tutorial\app\controllers\TestController.scala
2022.06.10 11:55:08 WARN  no build target for: F:\ScalaTest\play-samples-play-scala-hello-world-tutorial\app\controllers\TestController.scala
2022.06.10 12:02:34 WARN  no build target for: F:\ScalaTest\play-samples-play-scala-hello-world-tutorial\app\controllers\TestController.scala
2022.06.10 12:02:45 WARN  no build target for: F:\ScalaTest\play-samples-play-scala-hello-world-tutorial\app\controllers\TestController.scala
2022.06.10 12:18:15 WARN  no build target for: F:\ScalaTest\play-samples-play-scala-hello-world-tutorial\app\controllers\HomeController.scala
2022.06.10 12:20:12 WARN  no build target for: F:\ScalaTest\play-samples-play-scala-hello-world-tutorial\app\controllers\TestController.scala
2022.06.10 12:20:14 WARN  no build target for: F:\ScalaTest\play-samples-play-scala-hello-world-tutorial\app\controllers\TestController.scala
2022.06.10 12:23:51 WARN  no build target for: F:\ScalaTest\play-samples-play-scala-hello-world-tutorial\app\controllers\TestController.scala
2022.06.10 12:23:54 WARN  no build target for: F:\ScalaTest\play-samples-play-scala-hello-world-tutorial\app\controllers\TestController.scala
2022.06.10 14:02:57 WARN  no build target for: F:\ScalaTest\play-samples-play-scala-hello-world-tutorial\app\controllers\LoginController.scala
2022.06.10 14:02:59 WARN  no build target for: F:\ScalaTest\play-samples-play-scala-hello-world-tutorial\app\controllers\LoginController.scala
2022.06.10 14:03:13 WARN  no build target for: F:\ScalaTest\play-samples-play-scala-hello-world-tutorial\app\controllers\LoginController.scala
2022.06.10 14:03:15 WARN  no build target for: F:\ScalaTest\play-samples-play-scala-hello-world-tutorial\app\controllers\LoginController.scala
2022.06.10 14:03:20 WARN  no build target for: F:\ScalaTest\play-samples-play-scala-hello-world-tutorial\app\controllers\LoginController.scala
2022.06.10 14:03:26 WARN  no build target for: F:\ScalaTest\play-samples-play-scala-hello-world-tutorial\app\controllers\LoginController.scala
2022.06.10 14:03:29 WARN  no build target for: F:\ScalaTest\play-samples-play-scala-hello-world-tutorial\app\controllers\LoginController.scala
2022.06.10 14:03:31 WARN  no build target for: F:\ScalaTest\play-samples-play-scala-hello-world-tutorial\app\controllers\LoginController.scala
2022.06.10 14:03:33 WARN  no build target for: F:\ScalaTest\play-samples-play-scala-hello-world-tutorial\app\controllers\LoginController.scala
2022.06.10 14:03:38 WARN  no build target for: F:\ScalaTest\play-samples-play-scala-hello-world-tutorial\app\controllers\LoginController.scala
2022.06.10 14:03:39 WARN  no build target for: F:\ScalaTest\play-samples-play-scala-hello-world-tutorial\app\controllers\LoginController.scala
2022.06.10 14:03:42 WARN  no build target for: F:\ScalaTest\play-samples-play-scala-hello-world-tutorial\app\controllers\LoginController.scala
2022.06.10 14:03:43 WARN  no build target for: F:\ScalaTest\play-samples-play-scala-hello-world-tutorial\app\controllers\LoginController.scala
2022.06.10 14:03:47 WARN  no build target for: F:\ScalaTest\play-samples-play-scala-hello-world-tutorial\app\controllers\LoginController.scala
2022.06.10 14:03:51 WARN  no build target for: F:\ScalaTest\play-samples-play-scala-hello-world-tutorial\app\controllers\LoginController.scala
2022.06.10 14:09:00 WARN  no build target for: F:\ScalaTest\play-samples-play-scala-hello-world-tutorial\app\controllers\LoginController.scala
2022.06.10 14:09:06 WARN  no build target for: F:\ScalaTest\play-samples-play-scala-hello-world-tutorial\app\controllers\LoginController.scala
2022.06.10 14:09:11 WARN  no build target for: F:\ScalaTest\play-samples-play-scala-hello-world-tutorial\app\controllers\LoginController.scala
2022.06.10 14:09:18 WARN  no build target for: F:\ScalaTest\play-samples-play-scala-hello-world-tutorial\app\controllers\LoginController.scala
2022.06.10 14:09:20 WARN  no build target for: F:\ScalaTest\play-samples-play-scala-hello-world-tutorial\app\controllers\LoginController.scala
2022.06.10 14:09:21 WARN  no build target for: F:\ScalaTest\play-samples-play-scala-hello-world-tutorial\app\controllers\LoginController.scala
2022.06.10 14:09:28 WARN  no build target for: F:\ScalaTest\play-samples-play-scala-hello-world-tutorial\app\controllers\LoginController.scala
2022.06.10 14:09:31 WARN  no build target for: F:\ScalaTest\play-samples-play-scala-hello-world-tutorial\app\controllers\LoginController.scala
2022.06.10 14:09:35 WARN  no build target for: F:\ScalaTest\play-samples-play-scala-hello-world-tutorial\app\controllers\LoginController.scala
2022.06.10 14:09:36 WARN  no build target for: F:\ScalaTest\play-samples-play-scala-hello-world-tutorial\app\controllers\LoginController.scala
2022.06.10 14:09:38 WARN  no build target for: F:\ScalaTest\play-samples-play-scala-hello-world-tutorial\app\controllers\LoginController.scala
2022.06.10 14:09:44 WARN  no build target for: F:\ScalaTest\play-samples-play-scala-hello-world-tutorial\app\controllers\LoginController.scala
2022.06.10 14:09:49 WARN  no build target for: F:\ScalaTest\play-samples-play-scala-hello-world-tutorial\app\controllers\LoginController.scala
2022.06.10 14:09:52 WARN  no build target for: F:\ScalaTest\play-samples-play-scala-hello-world-tutorial\app\controllers\LoginController.scala
2022.06.10 14:09:55 WARN  no build target for: F:\ScalaTest\play-samples-play-scala-hello-world-tutorial\app\controllers\LoginController.scala
2022.06.10 14:10:07 WARN  no build target for: F:\ScalaTest\play-samples-play-scala-hello-world-tutorial\app\controllers\LoginController.scala
2022.06.10 14:10:09 WARN  no build target for: F:\ScalaTest\play-samples-play-scala-hello-world-tutorial\app\controllers\LoginController.scala
2022.06.10 14:10:11 WARN  no build target for: F:\ScalaTest\play-samples-play-scala-hello-world-tutorial\app\controllers\LoginController.scala
juin 10, 2022 2:10:18 PM org.eclipse.lsp4j.jsonrpc.RemoteEndpoint handleCancellation
AVERTISSEMENT: Unmatched cancel notification for request id 603
2022.06.10 14:10:22 WARN  no build target for: F:\ScalaTest\play-samples-play-scala-hello-world-tutorial\app\controllers\LoginController.scala
2022.06.10 14:10:25 WARN  no build target for: F:\ScalaTest\play-samples-play-scala-hello-world-tutorial\app\controllers\LoginController.scala
2022.06.10 14:13:01 WARN  no build target for: F:\ScalaTest\play-samples-play-scala-hello-world-tutorial\app\controllers\LoginController.scala
2022.06.10 14:19:23 WARN  no build target for: F:\ScalaTest\play-samples-play-scala-hello-world-tutorial\app\controllers\LoginController.scala
2022.06.10 14:19:26 WARN  no build target for: F:\ScalaTest\play-samples-play-scala-hello-world-tutorial\app\controllers\LoginController.scala
2022.06.10 14:19:28 WARN  no build target for: F:\ScalaTest\play-samples-play-scala-hello-world-tutorial\app\controllers\LoginController.scala
2022.06.10 14:19:33 WARN  no build target for: F:\ScalaTest\play-samples-play-scala-hello-world-tutorial\app\controllers\LoginController.scala
2022.06.10 14:19:34 WARN  no build target for: F:\ScalaTest\play-samples-play-scala-hello-world-tutorial\app\controllers\LoginController.scala
2022.06.10 14:19:45 WARN  no build target for: F:\ScalaTest\play-samples-play-scala-hello-world-tutorial\app\controllers\LoginController.scala
2022.06.10 14:19:49 WARN  no build target for: F:\ScalaTest\play-samples-play-scala-hello-world-tutorial\app\controllers\LoginController.scala
2022.06.10 14:19:51 WARN  no build target for: F:\ScalaTest\play-samples-play-scala-hello-world-tutorial\app\controllers\LoginController.scala
2022.06.10 14:19:52 WARN  no build target for: F:\ScalaTest\play-samples-play-scala-hello-world-tutorial\app\controllers\LoginController.scala
2022.06.10 14:20:02 WARN  no build target for: F:\ScalaTest\play-samples-play-scala-hello-world-tutorial\app\controllers\LoginController.scala
2022.06.10 14:20:50 WARN  no build target for: F:\ScalaTest\play-samples-play-scala-hello-world-tutorial\app\controllers\LoginController.scala
2022.06.10 14:20:53 WARN  no build target for: F:\ScalaTest\play-samples-play-scala-hello-world-tutorial\app\controllers\LoginController.scala
2022.06.10 14:20:55 WARN  no build target for: F:\ScalaTest\play-samples-play-scala-hello-world-tutorial\app\controllers\LoginController.scala
2022.06.10 14:20:58 WARN  no build target for: F:\ScalaTest\play-samples-play-scala-hello-world-tutorial\app\controllers\LoginController.scala
2022.06.10 14:21:02 WARN  no build target for: F:\ScalaTest\play-samples-play-scala-hello-world-tutorial\app\controllers\LoginController.scala
2022.06.10 14:21:04 WARN  no build target for: F:\ScalaTest\play-samples-play-scala-hello-world-tutorial\app\controllers\LoginController.scala
2022.06.10 14:21:07 WARN  no build target for: F:\ScalaTest\play-samples-play-scala-hello-world-tutorial\app\controllers\LoginController.scala
2022.06.10 14:21:11 WARN  no build target for: F:\ScalaTest\play-samples-play-scala-hello-world-tutorial\app\controllers\LoginController.scala
2022.06.10 14:21:21 WARN  no build target for: F:\ScalaTest\play-samples-play-scala-hello-world-tutorial\app\controllers\LoginController.scala
2022.06.10 14:21:27 WARN  no build target for: F:\ScalaTest\play-samples-play-scala-hello-world-tutorial\app\controllers\LoginController.scala
2022.06.10 14:21:34 WARN  no build target for: F:\ScalaTest\play-samples-play-scala-hello-world-tutorial\app\controllers\LoginController.scala
2022.06.10 14:21:40 WARN  no build target for: F:\ScalaTest\play-samples-play-scala-hello-world-tutorial\app\controllers\LoginController.scala
2022.06.10 14:21:46 WARN  no build target for: F:\ScalaTest\play-samples-play-scala-hello-world-tutorial\app\controllers\LoginController.scala
2022.06.10 14:21:54 WARN  no build target for: F:\ScalaTest\play-samples-play-scala-hello-world-tutorial\app\controllers\LoginController.scala
2022.06.10 14:21:56 WARN  no build target for: F:\ScalaTest\play-samples-play-scala-hello-world-tutorial\app\controllers\LoginController.scala
2022.06.10 14:21:57 WARN  no build target for: F:\ScalaTest\play-samples-play-scala-hello-world-tutorial\app\controllers\LoginController.scala
2022.06.10 14:21:59 WARN  no build target for: F:\ScalaTest\play-samples-play-scala-hello-world-tutorial\app\controllers\LoginController.scala
2022.06.10 14:22:00 WARN  no build target for: F:\ScalaTest\play-samples-play-scala-hello-world-tutorial\app\controllers\LoginController.scala
2022.06.10 14:22:18 WARN  no build target for: F:\ScalaTest\play-samples-play-scala-hello-world-tutorial\app\controllers\LoginController.scala
2022.06.10 14:22:51 WARN  no build target for: F:\ScalaTest\play-samples-play-scala-hello-world-tutorial\app\controllers\LoginController.scala
2022.06.10 14:22:59 WARN  no build target for: F:\ScalaTest\play-samples-play-scala-hello-world-tutorial\app\controllers\LoginController.scala
2022.06.10 14:23:04 WARN  no build target for: F:\ScalaTest\play-samples-play-scala-hello-world-tutorial\app\controllers\LoginController.scala
2022.06.10 14:23:06 WARN  no build target for: F:\ScalaTest\play-samples-play-scala-hello-world-tutorial\app\controllers\LoginController.scala
2022.06.10 14:23:08 WARN  no build target for: F:\ScalaTest\play-samples-play-scala-hello-world-tutorial\app\controllers\LoginController.scala
2022.06.10 14:23:09 WARN  no build target for: F:\ScalaTest\play-samples-play-scala-hello-world-tutorial\app\controllers\LoginController.scala
2022.06.10 14:23:17 WARN  no build target for: F:\ScalaTest\play-samples-play-scala-hello-world-tutorial\app\controllers\LoginController.scala
2022.06.10 14:23:26 WARN  no build target for: F:\ScalaTest\play-samples-play-scala-hello-world-tutorial\app\controllers\LoginController.scala
2022.06.10 14:23:34 WARN  no build target for: F:\ScalaTest\play-samples-play-scala-hello-world-tutorial\app\controllers\LoginController.scala
2022.06.10 14:23:36 WARN  no build target for: F:\ScalaTest\play-samples-play-scala-hello-world-tutorial\app\controllers\LoginController.scala
2022.06.10 14:23:38 WARN  no build target for: F:\ScalaTest\play-samples-play-scala-hello-world-tutorial\app\controllers\LoginController.scala
2022.06.10 14:23:40 WARN  no build target for: F:\ScalaTest\play-samples-play-scala-hello-world-tutorial\app\controllers\LoginController.scala
2022.06.10 14:23:44 WARN  no build target for: F:\ScalaTest\play-samples-play-scala-hello-world-tutorial\app\controllers\LoginController.scala
2022.06.10 14:23:46 WARN  no build target for: F:\ScalaTest\play-samples-play-scala-hello-world-tutorial\app\controllers\LoginController.scala
2022.06.10 14:23:48 WARN  no build target for: F:\ScalaTest\play-samples-play-scala-hello-world-tutorial\app\controllers\LoginController.scala
2022.06.10 14:23:49 WARN  no build target for: F:\ScalaTest\play-samples-play-scala-hello-world-tutorial\app\controllers\LoginController.scala
2022.06.10 14:23:55 WARN  no build target for: F:\ScalaTest\play-samples-play-scala-hello-world-tutorial\app\controllers\LoginController.scala
2022.06.10 14:24:04 WARN  no build target for: F:\ScalaTest\play-samples-play-scala-hello-world-tutorial\app\controllers\LoginController.scala
2022.06.10 14:24:05 WARN  no build target for: F:\ScalaTest\play-samples-play-scala-hello-world-tutorial\app\controllers\LoginController.scala
2022.06.10 14:24:10 WARN  no build target for: F:\ScalaTest\play-samples-play-scala-hello-world-tutorial\app\controllers\LoginController.scala
2022.06.10 14:24:13 WARN  no build target for: F:\ScalaTest\play-samples-play-scala-hello-world-tutorial\app\controllers\LoginController.scala
2022.06.10 14:24:23 WARN  no build target for: F:\ScalaTest\play-samples-play-scala-hello-world-tutorial\app\controllers\LoginController.scala
2022.06.10 14:24:26 WARN  no build target for: F:\ScalaTest\play-samples-play-scala-hello-world-tutorial\app\controllers\LoginController.scala
2022.06.10 14:24:37 WARN  no build target for: F:\ScalaTest\play-samples-play-scala-hello-world-tutorial\app\controllers\LoginController.scala
2022.06.10 14:24:39 WARN  no build target for: F:\ScalaTest\play-samples-play-scala-hello-world-tutorial\app\controllers\LoginController.scala
2022.06.10 14:24:41 WARN  no build target for: F:\ScalaTest\play-samples-play-scala-hello-world-tutorial\app\controllers\LoginController.scala
2022.06.10 14:24:42 WARN  no build target for: F:\ScalaTest\play-samples-play-scala-hello-world-tutorial\app\controllers\LoginController.scala
2022.06.10 14:24:45 WARN  no build target for: F:\ScalaTest\play-samples-play-scala-hello-world-tutorial\app\controllers\LoginController.scala
2022.06.10 14:24:53 WARN  no build target for: F:\ScalaTest\play-samples-play-scala-hello-world-tutorial\app\controllers\LoginController.scala
2022.06.10 14:24:56 WARN  no build target for: F:\ScalaTest\play-samples-play-scala-hello-world-tutorial\app\controllers\LoginController.scala
2022.06.10 14:24:58 WARN  no build target for: F:\ScalaTest\play-samples-play-scala-hello-world-tutorial\app\controllers\LoginController.scala
2022.06.10 14:25:07 WARN  no build target for: F:\ScalaTest\play-samples-play-scala-hello-world-tutorial\app\controllers\LoginController.scala
2022.06.10 14:43:22 WARN  no build target for: F:\ScalaTest\play-samples-play-scala-hello-world-tutorial\app\controllers\LoginController.scala
2022.06.10 14:43:26 WARN  no build target for: F:\ScalaTest\play-samples-play-scala-hello-world-tutorial\app\controllers\LoginController.scala
2022.06.10 14:43:33 WARN  no build target for: F:\ScalaTest\play-samples-play-scala-hello-world-tutorial\app\controllers\LoginController.scala
2022.06.10 14:43:35 WARN  no build target for: F:\ScalaTest\play-samples-play-scala-hello-world-tutorial\app\controllers\LoginController.scala
2022.06.10 14:43:52 WARN  no build target for: F:\ScalaTest\play-samples-play-scala-hello-world-tutorial\app\controllers\LoginController.scala
2022.06.10 14:43:54 WARN  no build target for: F:\ScalaTest\play-samples-play-scala-hello-world-tutorial\app\controllers\LoginController.scala
2022.06.10 14:43:58 WARN  no build target for: F:\ScalaTest\play-samples-play-scala-hello-world-tutorial\app\controllers\LoginController.scala
2022.06.10 14:43:59 WARN  no build target for: F:\ScalaTest\play-samples-play-scala-hello-world-tutorial\app\controllers\LoginController.scala
2022.06.10 14:44:00 WARN  no build target for: F:\ScalaTest\play-samples-play-scala-hello-world-tutorial\app\controllers\LoginController.scala
2022.06.10 14:44:07 WARN  no build target for: F:\ScalaTest\play-samples-play-scala-hello-world-tutorial\app\controllers\LoginController.scala
2022.06.10 14:44:20 WARN  no build target for: F:\ScalaTest\play-samples-play-scala-hello-world-tutorial\app\controllers\LoginController.scala
2022.06.10 14:44:29 WARN  no build target for: F:\ScalaTest\play-samples-play-scala-hello-world-tutorial\app\controllers\LoginController.scala
2022.06.10 14:44:30 WARN  no build target for: F:\ScalaTest\play-samples-play-scala-hello-world-tutorial\app\controllers\LoginController.scala
2022.06.10 14:44:39 WARN  no build target for: F:\ScalaTest\play-samples-play-scala-hello-world-tutorial\app\controllers\LoginController.scala
2022.06.10 14:44:42 WARN  no build target for: F:\ScalaTest\play-samples-play-scala-hello-world-tutorial\app\controllers\LoginController.scala
2022.06.10 14:44:47 WARN  no build target for: F:\ScalaTest\play-samples-play-scala-hello-world-tutorial\app\controllers\LoginController.scala
2022.06.10 14:44:48 WARN  no build target for: F:\ScalaTest\play-samples-play-scala-hello-world-tutorial\app\controllers\LoginController.scala
2022.06.10 14:45:07 WARN  no build target for: F:\ScalaTest\play-samples-play-scala-hello-world-tutorial\app\controllers\LoginController.scala
2022.06.10 14:45:11 WARN  no build target for: F:\ScalaTest\play-samples-play-scala-hello-world-tutorial\app\controllers\LoginController.scala
2022.06.10 14:45:13 WARN  no build target for: F:\ScalaTest\play-samples-play-scala-hello-world-tutorial\app\controllers\LoginController.scala
2022.06.10 14:47:58 WARN  no build target for: F:\ScalaTest\play-samples-play-scala-hello-world-tutorial\app\controllers\LoginController.scala
2022.06.10 14:48:05 WARN  no build target for: F:\ScalaTest\play-samples-play-scala-hello-world-tutorial\app\controllers\LoginController.scala
2022.06.10 14:48:14 WARN  no build target for: F:\ScalaTest\play-samples-play-scala-hello-world-tutorial\app\controllers\LoginController.scala
2022.06.10 14:50:46 WARN  no build target for: F:\ScalaTest\play-samples-play-scala-hello-world-tutorial\app\controllers\LoginController.scala
2022.06.10 14:51:21 WARN  no build target for: F:\ScalaTest\play-samples-play-scala-hello-world-tutorial\app\controllers\LoginController.scala
2022.06.10 14:51:43 WARN  no build target for: F:\ScalaTest\play-samples-play-scala-hello-world-tutorial\app\controllers\LoginController.scala
2022.06.10 14:59:20 WARN  no build target for: F:\ScalaTest\play-samples-play-scala-hello-world-tutorial\app\controllers\LoginController.scala
2022.06.10 14:59:33 WARN  no build target for: F:\ScalaTest\play-samples-play-scala-hello-world-tutorial\app\controllers\LoginController.scala
2022.06.10 15:00:35 WARN  no build target for: F:\ScalaTest\play-samples-play-scala-hello-world-tutorial\app\controllers\LoginController.scala
2022.06.10 15:01:33 WARN  no build target for: F:\ScalaTest\play-samples-play-scala-hello-world-tutorial\app\controllers\LoginController.scala
2022.06.10 15:01:36 WARN  no build target for: F:\ScalaTest\play-samples-play-scala-hello-world-tutorial\app\controllers\LoginController.scala
2022.06.10 15:01:40 WARN  no build target for: F:\ScalaTest\play-samples-play-scala-hello-world-tutorial\app\controllers\LoginController.scala
2022.06.10 15:03:48 WARN  no build target for: F:\ScalaTest\play-samples-play-scala-hello-world-tutorial\app\controllers\LoginController.scala
2022.06.10 15:03:49 WARN  no build target for: F:\ScalaTest\play-samples-play-scala-hello-world-tutorial\app\controllers\LoginController.scala
2022.06.10 15:04:09 WARN  no build target for: F:\ScalaTest\play-samples-play-scala-hello-world-tutorial\app\controllers\LoginController.scala
2022.06.10 15:04:43 WARN  no build target for: F:\ScalaTest\play-samples-play-scala-hello-world-tutorial\app\controllers\LoginController.scala
2022.06.10 15:06:14 WARN  no build target for: F:\ScalaTest\play-samples-play-scala-hello-world-tutorial\app\controllers\LoginController.scala
2022.06.10 15:06:52 WARN  no build target for: F:\ScalaTest\play-samples-play-scala-hello-world-tutorial\app\controllers\LoginController.scala
2022.06.10 15:07:23 WARN  no build target for: F:\ScalaTest\play-samples-play-scala-hello-world-tutorial\app\controllers\LoginController.scala
2022.06.10 15:10:43 WARN  no build target for: F:\ScalaTest\play-samples-play-scala-hello-world-tutorial\app\controllers\LoginController.scala
2022.06.10 15:10:59 WARN  no build target for: F:\ScalaTest\play-samples-play-scala-hello-world-tutorial\app\controllers\LoginController.scala
2022.06.10 15:11:03 WARN  no build target for: F:\ScalaTest\play-samples-play-scala-hello-world-tutorial\app\controllers\LoginController.scala
2022.06.10 15:11:32 WARN  no build target for: F:\ScalaTest\play-samples-play-scala-hello-world-tutorial\app\controllers\LoginController.scala
2022.06.10 15:11:38 WARN  no build target for: F:\ScalaTest\play-samples-play-scala-hello-world-tutorial\app\controllers\LoginController.scala
2022.06.10 15:12:50 WARN  no build target for: F:\ScalaTest\play-samples-play-scala-hello-world-tutorial\app\controllers\LoginController.scala
2022.06.10 15:12:55 WARN  no build target for: F:\ScalaTest\play-samples-play-scala-hello-world-tutorial\app\controllers\LoginController.scala
2022.06.10 15:15:31 WARN  no build target for: F:\ScalaTest\play-samples-play-scala-hello-world-tutorial\app\controllers\LoginController.scala
2022.06.10 15:15:41 WARN  no build target for: F:\ScalaTest\play-samples-play-scala-hello-world-tutorial\app\controllers\LoginController.scala
2022.06.10 15:15:45 WARN  no build target for: F:\ScalaTest\play-samples-play-scala-hello-world-tutorial\app\controllers\LoginController.scala
2022.06.10 15:15:52 WARN  no build target for: F:\ScalaTest\play-samples-play-scala-hello-world-tutorial\app\controllers\LoginController.scala
juin 10, 2022 3:19:28 PM org.eclipse.lsp4j.jsonrpc.RemoteEndpoint handleCancellation
AVERTISSEMENT: Unmatched cancel notification for request id 2015
2022.06.10 15:19:50 WARN  no build target for: F:\ScalaTest\play-samples-play-scala-hello-world-tutorial\app\controllers\LoginController.scala
2022.06.10 15:19:51 WARN  no build target for: F:\ScalaTest\play-samples-play-scala-hello-world-tutorial\app\controllers\LoginController.scala
2022.06.10 15:19:56 WARN  no build target for: F:\ScalaTest\play-samples-play-scala-hello-world-tutorial\app\controllers\LoginController.scala
2022.06.10 15:26:23 WARN  no build target for: F:\ScalaTest\play-samples-play-scala-hello-world-tutorial\app\controllers\LoginController.scala
2022.06.10 15:26:32 WARN  no build target for: F:\ScalaTest\play-samples-play-scala-hello-world-tutorial\app\controllers\LoginController.scala
2022.06.10 15:26:40 WARN  no build target for: F:\ScalaTest\play-samples-play-scala-hello-world-tutorial\app\controllers\LoginController.scala
juin 10, 2022 3:27:04 PM org.eclipse.lsp4j.jsonrpc.RemoteEndpoint handleCancellation
AVERTISSEMENT: Unmatched cancel notification for request id 2119
2022.06.10 15:27:07 WARN  no build target for: F:\ScalaTest\play-samples-play-scala-hello-world-tutorial\app\controllers\LoginController.scala
2022.06.10 15:27:13 WARN  no build target for: F:\ScalaTest\play-samples-play-scala-hello-world-tutorial\app\controllers\LoginController.scala
2022.06.10 15:27:20 WARN  no build target for: F:\ScalaTest\play-samples-play-scala-hello-world-tutorial\app\controllers\LoginController.scala
2022.06.10 15:27:25 WARN  no build target for: F:\ScalaTest\play-samples-play-scala-hello-world-tutorial\app\controllers\LoginController.scala
2022.06.10 15:27:31 WARN  no build target for: F:\ScalaTest\play-samples-play-scala-hello-world-tutorial\app\controllers\LoginController.scala
2022.06.10 15:27:32 WARN  no build target for: F:\ScalaTest\play-samples-play-scala-hello-world-tutorial\app\controllers\LoginController.scala
2022.06.10 15:27:39 WARN  no build target for: F:\ScalaTest\play-samples-play-scala-hello-world-tutorial\app\controllers\LoginController.scala
2022.06.10 15:27:56 WARN  no build target for: F:\ScalaTest\play-samples-play-scala-hello-world-tutorial\app\controllers\LoginController.scala
2022.06.10 15:27:58 WARN  no build target for: F:\ScalaTest\play-samples-play-scala-hello-world-tutorial\app\controllers\LoginController.scala
2022.06.10 15:28:01 WARN  no build target for: F:\ScalaTest\play-samples-play-scala-hello-world-tutorial\app\controllers\LoginController.scala
2022.06.10 15:28:11 WARN  no build target for: F:\ScalaTest\play-samples-play-scala-hello-world-tutorial\app\controllers\LoginController.scala
2022.06.10 15:28:29 WARN  no build target for: F:\ScalaTest\play-samples-play-scala-hello-world-tutorial\app\controllers\LoginController.scala
2022.06.10 15:28:32 WARN  no build target for: F:\ScalaTest\play-samples-play-scala-hello-world-tutorial\app\controllers\LoginController.scala
2022.06.10 15:28:37 WARN  no build target for: F:\ScalaTest\play-samples-play-scala-hello-world-tutorial\app\controllers\LoginController.scala
2022.06.10 15:29:38 WARN  no build target for: F:\ScalaTest\play-samples-play-scala-hello-world-tutorial\app\controllers\LoginController.scala
2022.06.10 15:29:39 WARN  no build target for: F:\ScalaTest\play-samples-play-scala-hello-world-tutorial\app\controllers\LoginController.scala
2022.06.10 15:29:41 WARN  no build target for: F:\ScalaTest\play-samples-play-scala-hello-world-tutorial\app\controllers\LoginController.scala
2022.06.10 15:29:45 WARN  no build target for: F:\ScalaTest\play-samples-play-scala-hello-world-tutorial\app\controllers\LoginController.scala
2022.06.10 15:29:46 WARN  no build target for: F:\ScalaTest\play-samples-play-scala-hello-world-tutorial\app\controllers\LoginController.scala
2022.06.10 15:29:51 WARN  no build target for: F:\ScalaTest\play-samples-play-scala-hello-world-tutorial\app\controllers\LoginController.scala
2022.06.10 15:29:58 WARN  no build target for: F:\ScalaTest\play-samples-play-scala-hello-world-tutorial\app\controllers\LoginController.scala
2022.06.10 15:30:01 WARN  no build target for: F:\ScalaTest\play-samples-play-scala-hello-world-tutorial\app\controllers\LoginController.scala
2022.06.10 15:30:04 WARN  no build target for: F:\ScalaTest\play-samples-play-scala-hello-world-tutorial\app\controllers\LoginController.scala
2022.06.10 15:30:06 WARN  no build target for: F:\ScalaTest\play-samples-play-scala-hello-world-tutorial\app\controllers\LoginController.scala
2022.06.10 15:30:13 WARN  no build target for: F:\ScalaTest\play-samples-play-scala-hello-world-tutorial\app\controllers\LoginController.scala
2022.06.10 15:30:14 WARN  no build target for: F:\ScalaTest\play-samples-play-scala-hello-world-tutorial\app\controllers\LoginController.scala
2022.06.10 15:30:16 WARN  no build target for: F:\ScalaTest\play-samples-play-scala-hello-world-tutorial\app\controllers\LoginController.scala
2022.06.10 15:32:13 WARN  no build target for: F:\ScalaTest\play-samples-play-scala-hello-world-tutorial\app\controllers\LoginController.scala
2022.06.10 15:32:17 WARN  no build target for: F:\ScalaTest\play-samples-play-scala-hello-world-tutorial\app\controllers\LoginController.scala
2022.06.10 15:32:29 WARN  no build target for: F:\ScalaTest\play-samples-play-scala-hello-world-tutorial\app\controllers\LoginController.scala
2022.06.10 15:32:36 WARN  no build target for: F:\ScalaTest\play-samples-play-scala-hello-world-tutorial\app\controllers\LoginController.scala
2022.06.10 15:32:52 WARN  no build target for: F:\ScalaTest\play-samples-play-scala-hello-world-tutorial\app\controllers\LoginController.scala
2022.06.10 15:32:58 WARN  no build target for: F:\ScalaTest\play-samples-play-scala-hello-world-tutorial\app\controllers\LoginController.scala
2022.06.10 15:33:01 WARN  no build target for: F:\ScalaTest\play-samples-play-scala-hello-world-tutorial\app\controllers\LoginController.scala
2022.06.10 15:33:04 WARN  no build target for: F:\ScalaTest\play-samples-play-scala-hello-world-tutorial\app\controllers\LoginController.scala
2022.06.10 15:33:12 WARN  no build target for: F:\ScalaTest\play-samples-play-scala-hello-world-tutorial\app\controllers\LoginController.scala
2022.06.10 15:33:21 WARN  no build target for: F:\ScalaTest\play-samples-play-scala-hello-world-tutorial\app\controllers\LoginController.scala
2022.06.10 15:33:25 WARN  no build target for: F:\ScalaTest\play-samples-play-scala-hello-world-tutorial\app\controllers\LoginController.scala
2022.06.10 15:33:26 WARN  no build target for: F:\ScalaTest\play-samples-play-scala-hello-world-tutorial\app\controllers\LoginController.scala
2022.06.10 15:33:28 WARN  no build target for: F:\ScalaTest\play-samples-play-scala-hello-world-tutorial\app\controllers\LoginController.scala
2022.06.10 15:33:34 WARN  no build target for: F:\ScalaTest\play-samples-play-scala-hello-world-tutorial\app\controllers\LoginController.scala
2022.06.10 15:33:36 WARN  no build target for: F:\ScalaTest\play-samples-play-scala-hello-world-tutorial\app\controllers\LoginController.scala
2022.06.10 15:33:38 WARN  no build target for: F:\ScalaTest\play-samples-play-scala-hello-world-tutorial\app\controllers\LoginController.scala
2022.06.10 15:33:50 WARN  no build target for: F:\ScalaTest\play-samples-play-scala-hello-world-tutorial\app\controllers\LoginController.scala
2022.06.10 15:34:04 WARN  no build target for: F:\ScalaTest\play-samples-play-scala-hello-world-tutorial\app\controllers\LoginController.scala
2022.06.11 14:52:50 INFO  tracing is disabled for protocol LSP, to enable tracing of incoming and outgoing JSON messages create an empty file at e:\scala-test\.metals\lsp.trace.json or C:\Users\Utilisateur\AppData\Local\scalameta\metals\cache\lsp.trace.json[0m
2022.06.11 14:52:50 INFO  logging to file E:\scala-test\.metals\metals.log[0m
2022.06.11 14:52:50 INFO  Started: Metals version 0.11.6 in workspace 'E:\scala-test' for client Visual Studio Code 1.68.0.[0m
2022.06.11 14:52:52 INFO  time: initialize in 1.51s[0m
2022.06.11 14:52:57 WARN  Flyway upgrade recommended: H2 2.1.212 is newer than this version of Flyway and support has not been tested. The latest supported version of H2 is 2.1.210.[0m
2022.06.11 14:52:57 WARN  Build server is not auto-connectable.[0m
2022.06.11 14:53:18 WARN  no build target for: E:\scala-test\app\controllers\LoginController.scala[0m
2022.06.11 14:53:22 INFO  no build target found for E:\scala-test\app\controllers\LoginController.scala. Using presentation compiler with project's scala-library version: 3.1.2[0m
2022.06.11 14:53:24 INFO  time: code lens generation in 5.79s[0m
2022.06.11 14:53:24 INFO  time: code lens generation in 5.8s[0m
2022.06.11 14:54:43 WARN  no build target for: E:\scala-test\app\controllers\LoginController.scala[0m
2022.06.11 14:54:44 WARN  no build target for: E:\scala-test\app\controllers\HomeController.scala[0m
2022.06.11 14:54:46 WARN  no build target for: E:\scala-test\app\controllers\LoginController.scala[0m
2022.06.11 15:02:14 INFO  running 'C:\Users\Utilisateur\AppData\Local\Coursier\cache\arc\https\github.com\AdoptOpenJDK\openjdk8-binaries\releases\download\jdk8u292-b10\OpenJDK8U-jdk_x64_windows_hotspot_8u292b10.zip\jdk8u292-b10\bin\java -Djline.terminal=jline.UnsupportedTerminal -Dsbt.log.noformat=true -Dfile.encoding=UTF-8 -jar C:\Users\UTILIS~1\AppData\Local\Temp\metals4138267126283888861\sbt-launch.jar -Dbloop.export-jar-classifiers=sources bloopInstall'[0m
2022.06.11 15:02:16 INFO  [info] welcome to sbt 1.6.2 (AdoptOpenJDK Java 1.8.0_292)[0m
2022.06.11 15:02:18 INFO  [info] loading settings for project scala-test-build-build-build from metals.sbt ...[0m
2022.06.11 15:02:18 INFO  [info] loading project definition from E:\scala-test\project\project\project[0m
2022.06.11 15:02:20 WARN  no build target for: E:\scala-test\app\controllers\LoginController.scala[0m
2022.06.11 15:02:22 INFO  [info] loading settings for project scala-test-build-build from metals.sbt ...[0m
2022.06.11 15:02:22 INFO  [info] loading project definition from E:\scala-test\project\project[0m
2022.06.11 15:02:29 WARN  no build target for: E:\scala-test\app\controllers\LoginController.scala[0m
2022.06.11 15:02:30 INFO  [success] Generated .bloop\scala-test-build-build.json[0m
2022.06.11 15:02:30 INFO  [success] Total time: 8 s, completed 11 juin 2022 15:02:30[0m
2022.06.11 15:02:31 INFO  [info] loading settings for project scala-test-build from metals.sbt,plugins.sbt,scaffold.sbt ...[0m
2022.06.11 15:02:31 INFO  [info] loading project definition from E:\scala-test\project[0m
2022.06.11 15:02:47 INFO  [success] Generated .bloop\scala-test-build.json[0m
2022.06.11 15:02:47 INFO  [success] Total time: 16 s, completed 11 juin 2022 15:02:47[0m
2022.06.11 15:02:49 INFO  [info] loading settings for project root from build.sbt ...[0m
2022.06.11 15:02:49 INFO  [info]   __              __[0m
2022.06.11 15:02:49 INFO  [info]   \ \     ____   / /____ _ __  __[0m
2022.06.11 15:02:49 INFO  [info]    \ \   / __ \ / // __ `// / / /[0m
2022.06.11 15:02:49 INFO  [info]    / /  / /_/ // // /_/ // /_/ /[0m
2022.06.11 15:02:49 INFO  [info]   /_/  / .___//_/ \__,_/ \__, /[0m
2022.06.11 15:02:49 INFO  [info]       /_/               /____/[0m
2022.06.11 15:02:49 INFO  [info] [0m
2022.06.11 15:02:49 INFO  [info] Version 2.8.16 running Java 1.8.0_292[0m
2022.06.11 15:02:49 INFO  [info] [0m
2022.06.11 15:02:49 INFO  [info] Play is run entirely by the community. Please consider contributing and/or donating:[0m
2022.06.11 15:02:49 INFO  [info] https://www.playframework.com/sponsors[0m
2022.06.11 15:02:49 INFO  [info] [0m
2022.06.11 15:03:02 INFO  [success] Generated .bloop\root.json[0m
2022.06.11 15:03:02 INFO  [success] Generated .bloop\root-test.json[0m
2022.06.11 15:03:02 INFO  [success] Total time: 13 s, completed 11 juin 2022 15:03:02[0m
2022.06.11 15:03:02 INFO  time: ran 'sbt bloopInstall' in 48s[0m
2022.06.11 15:03:02 INFO  Attempting to connect to the build server...[0m
2022.06.11 15:03:12 INFO  tracing is disabled for protocol BSP, to enable tracing of incoming and outgoing JSON messages create an empty file at E:\scala-test\.metals\bsp.trace.json or C:\Users\Utilisateur\AppData\Local\scalameta\metals\cache\bsp.trace.json[0m
2022.06.11 15:03:14 INFO  Attempting to connect to the build server...[0m
2022.06.11 15:03:14 INFO  Attempting to connect to the build server...[0m
2022.06.11 15:03:14 INFO  tracing is disabled for protocol BSP, to enable tracing of incoming and outgoing JSON messages create an empty file at E:\scala-test\project\project\.metals\bsp.trace.json or C:\Users\Utilisateur\AppData\Local\scalameta\metals\cache\bsp.trace.json[0m
2022.06.11 15:03:14 INFO  tracing is disabled for protocol BSP, to enable tracing of incoming and outgoing JSON messages create an empty file at E:\scala-test\project\.metals\bsp.trace.json or C:\Users\Utilisateur\AppData\Local\scalameta\metals\cache\bsp.trace.json[0m
2022.06.11 15:03:16 INFO  time: Connected to build server in 13s[0m
2022.06.11 15:03:16 INFO  Connected to Build server: Bloop v1.5.0-18-003e6c7b[0m
2022.06.11 15:03:16 INFO  time: Imported build in 0.17s[0m
2022.06.11 15:03:28 INFO  time: indexed workspace in 12s[0m
2022.06.11 15:03:29 INFO  compiling root (14 scala sources and 1 java source)[0m
2022.06.11 15:03:47 INFO  time: compiled root in 18s[0m
2022.06.11 15:05:40 INFO  shutting down Metals[0m
2022.06.11 15:05:40 INFO  Shut down connection with build server.[0m
2022.06.11 15:05:40 INFO  Shut down connection with build server.[0m
2022.06.11 15:05:40 INFO  Shut down connection with build server.[0m
2022.06.11 15:05:40 ERROR Unexpected error initializing server
org.eclipse.lsp4j.jsonrpc.ResponseErrorException: Request window/showMessageRequest failed with message: Canceled
	at org.eclipse.lsp4j.jsonrpc.RemoteEndpoint.handleResponse(RemoteEndpoint.java:209)
	at org.eclipse.lsp4j.jsonrpc.RemoteEndpoint.consume(RemoteEndpoint.java:193)
	at org.eclipse.lsp4j.jsonrpc.json.StreamMessageProducer.handleMessage(StreamMessageProducer.java:194)
	at org.eclipse.lsp4j.jsonrpc.json.StreamMessageProducer.listen(StreamMessageProducer.java:94)
	at org.eclipse.lsp4j.jsonrpc.json.ConcurrentMessageProcessor.run(ConcurrentMessageProcessor.java:113)
	at java.util.concurrent.Executors$RunnableAdapter.call(Executors.java:511)
	at java.util.concurrent.FutureTask.run(FutureTask.java:266)
	at java.util.concurrent.ThreadPoolExecutor.runWorker(ThreadPoolExecutor.java:1149)
	at java.util.concurrent.ThreadPoolExecutor$Worker.run(ThreadPoolExecutor.java:624)
	at java.lang.Thread.run(Thread.java:748)
[0m
2022.06.12 10:22:51 INFO  tracing is disabled for protocol LSP, to enable tracing of incoming and outgoing JSON messages create an empty file at e:\scala-test\.metals\lsp.trace.json or C:\Users\Utilisateur\AppData\Local\scalameta\metals\cache\lsp.trace.json[0m
2022.06.12 10:22:52 INFO  logging to file E:\scala-test\.metals\metals.log[0m
2022.06.12 10:22:52 INFO  Started: Metals version 0.11.6 in workspace 'E:\scala-test' for client Visual Studio Code 1.68.0.[0m
2022.06.12 10:22:54 INFO  time: initialize in 1.47s[0m
2022.06.12 10:22:54 WARN  Flyway upgrade recommended: H2 2.1.212 is newer than this version of Flyway and support has not been tested. The latest supported version of H2 is 2.1.210.[0m
2022.06.12 10:22:55 INFO  Attempting to connect to the build server...[0m
2022.06.12 10:22:55 INFO  skipping build import with status 'Installed'[0m
2022.06.12 10:22:55 INFO  tracing is disabled for protocol BSP, to enable tracing of incoming and outgoing JSON messages create an empty file at E:\scala-test\.metals\bsp.trace.json or C:\Users\Utilisateur\AppData\Local\scalameta\metals\cache\bsp.trace.json[0m
2022.06.12 10:22:55 INFO  Attempting to connect to the build server...[0m
2022.06.12 10:22:55 INFO  Attempting to connect to the build server...[0m
2022.06.12 10:22:55 INFO  tracing is disabled for protocol BSP, to enable tracing of incoming and outgoing JSON messages create an empty file at E:\scala-test\project\project\.metals\bsp.trace.json or C:\Users\Utilisateur\AppData\Local\scalameta\metals\cache\bsp.trace.json[0m
2022.06.12 10:22:55 INFO  tracing is disabled for protocol BSP, to enable tracing of incoming and outgoing JSON messages create an empty file at E:\scala-test\project\.metals\bsp.trace.json or C:\Users\Utilisateur\AppData\Local\scalameta\metals\cache\bsp.trace.json[0m
2022.06.12 10:22:55 INFO  time: Connected to build server in 0.32s[0m
2022.06.12 10:22:55 INFO  Connected to Build server: Bloop v1.5.0-18-003e6c7b[0m
2022.06.12 10:22:55 INFO  time: Imported build in 0.19s[0m
2022.06.12 10:23:01 INFO  time: indexed workspace in 5.76s[0m
2022.06.12 10:23:17 INFO  compiling root (14 scala sources and 1 java source)[0m
2022.06.12 10:23:26 INFO  time: compiled root in 8.71s[0m
2022.06.12 10:23:28 INFO  shutting down Metals[0m
2022.06.12 10:23:28 INFO  Shut down connection with build server.[0m
2022.06.12 10:23:28 INFO  Shut down connection with build server.[0m
2022.06.12 10:23:28 INFO  Shut down connection with build server.[0m
2022.06.12 10:23:28 ERROR Unexpected error initializing server
scala.meta.internal.metals.MetalsBspException: BSP connection failed in the attempt to get: CompileResult.  Boxed Exception
	at scala.meta.internal.metals.BuildServerConnection$$anonfun$1.$anonfun$applyOrElse$4(BuildServerConnection.scala:300)
	at scala.Option.getOrElse(Option.scala:201)
	at scala.meta.internal.metals.BuildServerConnection$$anonfun$1.applyOrElse(BuildServerConnection.scala:298)
	at scala.meta.internal.metals.BuildServerConnection$$anonfun$1.applyOrElse(BuildServerConnection.scala:286)
	at scala.concurrent.impl.Promise$Transformation.run(Promise.scala:490)
	at java.util.concurrent.ThreadPoolExecutor.runWorker(ThreadPoolExecutor.java:1149)
	at java.util.concurrent.ThreadPoolExecutor$Worker.run(ThreadPoolExecutor.java:624)
	at java.lang.Thread.run(Thread.java:748)
[0m
2022.06.12 10:25:43 INFO  tracing is disabled for protocol LSP, to enable tracing of incoming and outgoing JSON messages create an empty file at e:\scala-test\.metals\lsp.trace.json or C:\Users\Utilisateur\AppData\Local\scalameta\metals\cache\lsp.trace.json[0m
2022.06.12 10:25:44 INFO  logging to file E:\scala-test\.metals\metals.log[0m
2022.06.12 10:25:44 INFO  Started: Metals version 0.11.6 in workspace 'E:\scala-test' for client Visual Studio Code 1.68.0.[0m
2022.06.12 10:25:45 INFO  time: initialize in 1.28s[0m
2022.06.12 10:25:45 WARN  Flyway upgrade recommended: H2 2.1.212 is newer than this version of Flyway and support has not been tested. The latest supported version of H2 is 2.1.210.[0m
2022.06.12 10:25:46 INFO  Attempting to connect to the build server...[0m
2022.06.12 10:25:46 INFO  skipping build import with status 'Installed'[0m
2022.06.12 10:25:46 INFO  tracing is disabled for protocol BSP, to enable tracing of incoming and outgoing JSON messages create an empty file at E:\scala-test\.metals\bsp.trace.json or C:\Users\Utilisateur\AppData\Local\scalameta\metals\cache\bsp.trace.json[0m
2022.06.12 10:25:46 INFO  Attempting to connect to the build server...[0m
2022.06.12 10:25:46 INFO  Attempting to connect to the build server...[0m
2022.06.12 10:25:46 INFO  tracing is disabled for protocol BSP, to enable tracing of incoming and outgoing JSON messages create an empty file at E:\scala-test\project\project\.metals\bsp.trace.json or C:\Users\Utilisateur\AppData\Local\scalameta\metals\cache\bsp.trace.json[0m
2022.06.12 10:25:46 INFO  tracing is disabled for protocol BSP, to enable tracing of incoming and outgoing JSON messages create an empty file at E:\scala-test\project\.metals\bsp.trace.json or C:\Users\Utilisateur\AppData\Local\scalameta\metals\cache\bsp.trace.json[0m
2022.06.12 10:25:46 INFO  time: Connected to build server in 0.22s[0m
2022.06.12 10:25:46 INFO  Connected to Build server: Bloop v1.5.0-18-003e6c7b[0m
2022.06.12 10:25:46 INFO  time: Imported build in 0.11s[0m
2022.06.12 10:25:52 INFO  time: indexed workspace in 5.66s[0m
2022.06.12 10:27:10 INFO  Disconnecting from Bloop session...[0m
2022.06.12 10:27:10 ERROR build shutdown: bloop
java.util.concurrent.ExecutionException: org.eclipse.lsp4j.jsonrpc.JsonRpcException: java.io.IOException: Une connexion tablie a t abandonne par un logiciel de votre ordinateur hte
	at java.util.concurrent.CompletableFuture.reportGet(CompletableFuture.java:357)
	at java.util.concurrent.CompletableFuture.get(CompletableFuture.java:1928)
	at scala.meta.internal.metals.BuildServerConnection.$anonfun$shutdown$1(BuildServerConnection.scala:106)
	at scala.meta.internal.metals.BuildServerConnection.$anonfun$shutdown$1$adapted(BuildServerConnection.scala:103)
	at scala.concurrent.impl.Promise$Transformation.run(Promise.scala:467)
	at java.util.concurrent.ThreadPoolExecutor.runWorker(ThreadPoolExecutor.java:1149)
	at java.util.concurrent.ThreadPoolExecutor$Worker.run(ThreadPoolExecutor.java:624)
	at java.lang.Thread.run(Thread.java:748)
Caused by: org.eclipse.lsp4j.jsonrpc.JsonRpcException: java.io.IOException: Une connexion tablie a t abandonne par un logiciel de votre ordinateur hte
	at org.eclipse.lsp4j.jsonrpc.json.StreamMessageConsumer.consume(StreamMessageConsumer.java:72)
	at org.eclipse.lsp4j.jsonrpc.RemoteEndpoint.request(RemoteEndpoint.java:161)
	at org.eclipse.lsp4j.jsonrpc.services.EndpointProxy.invoke(EndpointProxy.java:91)
	at com.sun.proxy.$Proxy8.buildShutdown(null)
	at scala.meta.internal.metals.BuildServerConnection.$anonfun$shutdown$1(BuildServerConnection.scala:106)
	at scala.meta.internal.metals.BuildServerConnection.$anonfun$shutdown$1$adapted(BuildServerConnection.scala:103)
	at scala.concurrent.impl.Promise$Transformation.run(Promise.scala:467)
	at java.util.concurrent.ThreadPoolExecutor.runWorker(ThreadPoolExecutor.java:1149)
	at java.util.concurrent.ThreadPoolExecutor$Worker.run(ThreadPoolExecutor.java:624)
	at java.lang.Thread.run(Thread.java:748)
Caused by: java.io.IOException: Une connexion tablie a t abandonne par un logiciel de votre ordinateur hte
	at sun.nio.ch.SocketDispatcher.write0(Native Method)
	at sun.nio.ch.SocketDispatcher.write(SocketDispatcher.java:51)
	at sun.nio.ch.IOUtil.writeFromNativeBuffer(IOUtil.java:93)
	at sun.nio.ch.IOUtil.write(IOUtil.java:65)
	at sun.nio.ch.SocketChannelImpl.write(SocketChannelImpl.java:470)
	at sun.nio.ch.SinkChannelImpl.write(SinkChannelImpl.java:114)
	at java.nio.channels.Channels.writeFullyImpl(Channels.java:78)
	at java.nio.channels.Channels.writeFully(Channels.java:98)
	at java.nio.channels.Channels.access$000(Channels.java:61)
	at java.nio.channels.Channels$1.write(Channels.java:174)
	at java.io.OutputStream.write(OutputStream.java:75)
	at java.nio.channels.Channels$1.write(Channels.java:155)
	at scala.meta.internal.metals.ClosableOutputStream.write(ClosableOutputStream.scala:26)
	at java.io.FilterOutputStream.write(FilterOutputStream.java:125)
	at java.io.FilterOutputStream.write(FilterOutputStream.java:97)
	at org.eclipse.lsp4j.jsonrpc.json.StreamMessageConsumer.consume(StreamMessageConsumer.java:68)
	at org.eclipse.lsp4j.jsonrpc.RemoteEndpoint.request(RemoteEndpoint.java:161)
	at org.eclipse.lsp4j.jsonrpc.services.EndpointProxy.invoke(EndpointProxy.java:91)
	at com.sun.proxy.$Proxy8.buildShutdown(null)
	at scala.meta.internal.metals.BuildServerConnection.$anonfun$shutdown$1(BuildServerConnection.scala:106)
	at scala.meta.internal.metals.BuildServerConnection.$anonfun$shutdown$1$adapted(BuildServerConnection.scala:103)
	at scala.concurrent.impl.Promise$Transformation.run(Promise.scala:467)
	at java.util.concurrent.ThreadPoolExecutor.runWorker(ThreadPoolExecutor.java:1149)
	at java.util.concurrent.ThreadPoolExecutor$Worker.run(ThreadPoolExecutor.java:624)
	at java.lang.Thread.run(Thread.java:748)
[0m
2022.06.12 10:27:10 ERROR build shutdown: bloop
java.util.concurrent.ExecutionException: org.eclipse.lsp4j.jsonrpc.JsonRpcException: java.io.IOException: Une connexion tablie a t abandonne par un logiciel de votre ordinateur hte
	at java.util.concurrent.CompletableFuture.reportGet(CompletableFuture.java:357)
	at java.util.concurrent.CompletableFuture.get(CompletableFuture.java:1928)
	at scala.meta.internal.metals.BuildServerConnection.$anonfun$shutdown$1(BuildServerConnection.scala:106)
	at scala.meta.internal.metals.BuildServerConnection.$anonfun$shutdown$1$adapted(BuildServerConnection.scala:103)
	at scala.concurrent.impl.Promise$Transformation.run(Promise.scala:467)
	at java.util.concurrent.ThreadPoolExecutor.runWorker(ThreadPoolExecutor.java:1149)
	at java.util.concurrent.ThreadPoolExecutor$Worker.run(ThreadPoolExecutor.java:624)
	at java.lang.Thread.run(Thread.java:748)
Caused by: org.eclipse.lsp4j.jsonrpc.JsonRpcException: java.io.IOException: Une connexion tablie a t abandonne par un logiciel de votre ordinateur hte
	at org.eclipse.lsp4j.jsonrpc.json.StreamMessageConsumer.consume(StreamMessageConsumer.java:72)
	at org.eclipse.lsp4j.jsonrpc.RemoteEndpoint.request(RemoteEndpoint.java:161)
	at org.eclipse.lsp4j.jsonrpc.services.EndpointProxy.invoke(EndpointProxy.java:91)
	at com.sun.proxy.$Proxy8.buildShutdown(null)
	at scala.meta.internal.metals.BuildServerConnection.$anonfun$shutdown$1(BuildServerConnection.scala:106)
	at scala.meta.internal.metals.BuildServerConnection.$anonfun$shutdown$1$adapted(BuildServerConnection.scala:103)
	at scala.concurrent.impl.Promise$Transformation.run(Promise.scala:467)
	at java.util.concurrent.ThreadPoolExecutor.runWorker(ThreadPoolExecutor.java:1149)
	at java.util.concurrent.ThreadPoolExecutor$Worker.run(ThreadPoolExecutor.java:624)
	at java.lang.Thread.run(Thread.java:748)
Caused by: java.io.IOException: Une connexion tablie a t abandonne par un logiciel de votre ordinateur hte
	at sun.nio.ch.SocketDispatcher.write0(Native Method)
	at sun.nio.ch.SocketDispatcher.write(SocketDispatcher.java:51)
	at sun.nio.ch.IOUtil.writeFromNativeBuffer(IOUtil.java:93)
	at sun.nio.ch.IOUtil.write(IOUtil.java:65)
	at sun.nio.ch.SocketChannelImpl.write(SocketChannelImpl.java:470)
	at sun.nio.ch.SinkChannelImpl.write(SinkChannelImpl.java:114)
	at java.nio.channels.Channels.writeFullyImpl(Channels.java:78)
	at java.nio.channels.Channels.writeFully(Channels.java:98)
	at java.nio.channels.Channels.access$000(Channels.java:61)
	at java.nio.channels.Channels$1.write(Channels.java:174)
	at java.io.OutputStream.write(OutputStream.java:75)
	at java.nio.channels.Channels$1.write(Channels.java:155)
	at scala.meta.internal.metals.ClosableOutputStream.write(ClosableOutputStream.scala:26)
	at java.io.FilterOutputStream.write(FilterOutputStream.java:125)
	at java.io.FilterOutputStream.write(FilterOutputStream.java:97)
	at org.eclipse.lsp4j.jsonrpc.json.StreamMessageConsumer.consume(StreamMessageConsumer.java:68)
	at org.eclipse.lsp4j.jsonrpc.RemoteEndpoint.request(RemoteEndpoint.java:161)
	at org.eclipse.lsp4j.jsonrpc.services.EndpointProxy.invoke(EndpointProxy.java:91)
	at com.sun.proxy.$Proxy8.buildShutdown(null)
	at scala.meta.internal.metals.BuildServerConnection.$anonfun$shutdown$1(BuildServerConnection.scala:106)
	at scala.meta.internal.metals.BuildServerConnection.$anonfun$shutdown$1$adapted(BuildServerConnection.scala:103)
	at scala.concurrent.impl.Promise$Transformation.run(Promise.scala:467)
	at java.util.concurrent.ThreadPoolExecutor.runWorker(ThreadPoolExecutor.java:1149)
	at java.util.concurrent.ThreadPoolExecutor$Worker.run(ThreadPoolExecutor.java:624)
	at java.lang.Thread.run(Thread.java:748)
[0m
2022.06.12 10:27:10 ERROR build shutdown: bloop
java.util.concurrent.ExecutionException: org.eclipse.lsp4j.jsonrpc.JsonRpcException: java.io.IOException: Une connexion tablie a t abandonne par un logiciel de votre ordinateur hte
	at java.util.concurrent.CompletableFuture.reportGet(CompletableFuture.java:357)
	at java.util.concurrent.CompletableFuture.get(CompletableFuture.java:1928)
	at scala.meta.internal.metals.BuildServerConnection.$anonfun$shutdown$1(BuildServerConnection.scala:106)
	at scala.meta.internal.metals.BuildServerConnection.$anonfun$shutdown$1$adapted(BuildServerConnection.scala:103)
	at scala.concurrent.impl.Promise$Transformation.run(Promise.scala:467)
	at java.util.concurrent.ThreadPoolExecutor.runWorker(ThreadPoolExecutor.java:1149)
	at java.util.concurrent.ThreadPoolExecutor$Worker.run(ThreadPoolExecutor.java:624)
	at java.lang.Thread.run(Thread.java:748)
Caused by: org.eclipse.lsp4j.jsonrpc.JsonRpcException: java.io.IOException: Une connexion tablie a t abandonne par un logiciel de votre ordinateur hte
	at org.eclipse.lsp4j.jsonrpc.json.StreamMessageConsumer.consume(StreamMessageConsumer.java:72)
	at org.eclipse.lsp4j.jsonrpc.RemoteEndpoint.request(RemoteEndpoint.java:161)
	at org.eclipse.lsp4j.jsonrpc.services.EndpointProxy.invoke(EndpointProxy.java:91)
	at com.sun.proxy.$Proxy8.buildShutdown(null)
	at scala.meta.internal.metals.BuildServerConnection.$anonfun$shutdown$1(BuildServerConnection.scala:106)
	at scala.meta.internal.metals.BuildServerConnection.$anonfun$shutdown$1$adapted(BuildServerConnection.scala:103)
	at scala.concurrent.impl.Promise$Transformation.run(Promise.scala:467)
	at java.util.concurrent.ThreadPoolExecutor.runWorker(ThreadPoolExecutor.java:1149)
	at java.util.concurrent.ThreadPoolExecutor$Worker.run(ThreadPoolExecutor.java:624)
	at java.lang.Thread.run(Thread.java:748)
Caused by: java.io.IOException: Une connexion tablie a t abandonne par un logiciel de votre ordinateur hte
	at sun.nio.ch.SocketDispatcher.write0(Native Method)
	at sun.nio.ch.SocketDispatcher.write(SocketDispatcher.java:51)
	at sun.nio.ch.IOUtil.writeFromNativeBuffer(IOUtil.java:93)
	at sun.nio.ch.IOUtil.write(IOUtil.java:65)
	at sun.nio.ch.SocketChannelImpl.write(SocketChannelImpl.java:470)
	at sun.nio.ch.SinkChannelImpl.write(SinkChannelImpl.java:114)
	at java.nio.channels.Channels.writeFullyImpl(Channels.java:78)
	at java.nio.channels.Channels.writeFully(Channels.java:98)
	at java.nio.channels.Channels.access$000(Channels.java:61)
	at java.nio.channels.Channels$1.write(Channels.java:174)
	at java.io.OutputStream.write(OutputStream.java:75)
	at java.nio.channels.Channels$1.write(Channels.java:155)
	at scala.meta.internal.metals.ClosableOutputStream.write(ClosableOutputStream.scala:26)
	at java.io.FilterOutputStream.write(FilterOutputStream.java:125)
	at java.io.FilterOutputStream.write(FilterOutputStream.java:97)
	at org.eclipse.lsp4j.jsonrpc.json.StreamMessageConsumer.consume(StreamMessageConsumer.java:68)
	at org.eclipse.lsp4j.jsonrpc.RemoteEndpoint.request(RemoteEndpoint.java:161)
	at org.eclipse.lsp4j.jsonrpc.services.EndpointProxy.invoke(EndpointProxy.java:91)
	at com.sun.proxy.$Proxy8.buildShutdown(null)
	at scala.meta.internal.metals.BuildServerConnection.$anonfun$shutdown$1(BuildServerConnection.scala:106)
	at scala.meta.internal.metals.BuildServerConnection.$anonfun$shutdown$1$adapted(BuildServerConnection.scala:103)
	at scala.concurrent.impl.Promise$Transformation.run(Promise.scala:467)
	at java.util.concurrent.ThreadPoolExecutor.runWorker(ThreadPoolExecutor.java:1149)
	at java.util.concurrent.ThreadPoolExecutor$Worker.run(ThreadPoolExecutor.java:624)
	at java.lang.Thread.run(Thread.java:748)
[0m
2022.06.12 10:27:10 INFO  Attempting to connect to the build server...[0m
2022.06.12 10:27:16 INFO  tracing is disabled for protocol BSP, to enable tracing of incoming and outgoing JSON messages create an empty file at E:\scala-test\.metals\bsp.trace.json or C:\Users\Utilisateur\AppData\Local\scalameta\metals\cache\bsp.trace.json[0m
2022.06.12 10:27:16 INFO  Attempting to connect to the build server...[0m
2022.06.12 10:27:16 INFO  Attempting to connect to the build server...[0m
2022.06.12 10:27:16 INFO  tracing is disabled for protocol BSP, to enable tracing of incoming and outgoing JSON messages create an empty file at E:\scala-test\project\project\.metals\bsp.trace.json or C:\Users\Utilisateur\AppData\Local\scalameta\metals\cache\bsp.trace.json[0m
2022.06.12 10:27:17 INFO  tracing is disabled for protocol BSP, to enable tracing of incoming and outgoing JSON messages create an empty file at E:\scala-test\project\.metals\bsp.trace.json or C:\Users\Utilisateur\AppData\Local\scalameta\metals\cache\bsp.trace.json[0m
2022.06.12 10:27:17 INFO  time: Connected to build server in 6.33s[0m
2022.06.12 10:27:17 INFO  Connected to Build server: Bloop v1.5.0-18-003e6c7b[0m
2022.06.12 10:27:17 INFO  time: Imported build in 0.15s[0m
2022.06.12 10:27:19 INFO  time: indexed workspace in 2.4s[0m
2022.06.12 10:40:21 INFO  time: code lens generation in 1.68s[0m
2022.06.12 10:40:21 INFO  time: code lens generation in 1.68s[0m
2022.06.12 10:40:21 INFO  time: code lens generation in 3.92s[0m
2022.06.12 10:40:21 INFO  time: code lens generation in 3.9s[0m
2022.06.12 10:40:48 INFO  running 'C:\Users\Utilisateur\AppData\Local\Coursier\cache\arc\https\github.com\AdoptOpenJDK\openjdk8-binaries\releases\download\jdk8u292-b10\OpenJDK8U-jdk_x64_windows_hotspot_8u292b10.zip\jdk8u292-b10\bin\java -Djline.terminal=jline.UnsupportedTerminal -Dsbt.log.noformat=true -Dfile.encoding=UTF-8 -jar C:\Users\UTILIS~1\AppData\Local\Temp\metals390876187705901962\sbt-launch.jar -Dbloop.export-jar-classifiers=sources bloopInstall'[0m
2022.06.12 10:40:51 INFO  [info] welcome to sbt 1.6.2 (AdoptOpenJDK Java 1.8.0_292)[0m
2022.06.12 10:40:51 INFO  [info] loading settings for project scala-test-build-build-build from metals.sbt ...[0m
2022.06.12 10:40:52 INFO  [info] loading project definition from E:\scala-test\project\project\project[0m
2022.06.12 10:40:52 INFO  [info] loading settings for project scala-test-build-build from metals.sbt ...[0m
2022.06.12 10:40:53 INFO  [info] loading project definition from E:\scala-test\project\project[0m
2022.06.12 10:40:57 INFO  [success] Generated .bloop\scala-test-build-build.json[0m
2022.06.12 10:40:57 INFO  [success] Total time: 3 s, completed 12 juin 2022 10:40:57[0m
2022.06.12 10:40:57 INFO  [info] loading settings for project scala-test-build from metals.sbt,plugins.sbt,scaffold.sbt ...[0m
2022.06.12 10:40:57 INFO  [info] loading project definition from E:\scala-test\project[0m
2022.06.12 10:40:59 INFO  [success] Generated .bloop\scala-test-build.json[0m
2022.06.12 10:40:59 INFO  [success] Total time: 2 s, completed 12 juin 2022 10:40:59[0m
2022.06.12 10:40:59 INFO  [info] loading settings for project root from build.sbt ...[0m
2022.06.12 10:41:00 INFO  [info]   __              __[0m
2022.06.12 10:41:00 INFO  [info]   \ \     ____   / /____ _ __  __[0m
2022.06.12 10:41:00 INFO  [info]    \ \   / __ \ / // __ `// / / /[0m
2022.06.12 10:41:00 INFO  [info]    / /  / /_/ // // /_/ // /_/ /[0m
2022.06.12 10:41:00 INFO  [info]   /_/  / .___//_/ \__,_/ \__, /[0m
2022.06.12 10:41:00 INFO  [info]       /_/               /____/[0m
2022.06.12 10:41:00 INFO  [info] [0m
2022.06.12 10:41:00 INFO  [info] Version 2.8.16 running Java 1.8.0_292[0m
2022.06.12 10:41:00 INFO  [info] [0m
2022.06.12 10:41:00 INFO  [info] Play is run entirely by the community. Please consider contributing and/or donating:[0m
2022.06.12 10:41:00 INFO  [info] https://www.playframework.com/sponsors[0m
2022.06.12 10:41:00 INFO  [info] [0m
2022.06.12 10:41:01 INFO  [success] Generated .bloop\root.json[0m
2022.06.12 10:41:01 INFO  [success] Generated .bloop\root-test.json[0m
2022.06.12 10:41:01 INFO  [success] Total time: 1 s, completed 12 juin 2022 10:41:02[0m
2022.06.12 10:41:02 INFO  time: ran 'sbt bloopInstall' in 13s[0m
2022.06.12 10:41:02 INFO  Disconnecting from Bloop session...[0m
2022.06.12 10:41:02 INFO  Shut down connection with build server.[0m
2022.06.12 10:41:02 INFO  Shut down connection with build server.[0m
2022.06.12 10:41:02 INFO  Shut down connection with build server.[0m
2022.06.12 10:41:02 INFO  Attempting to connect to the build server...[0m
2022.06.12 10:41:02 INFO  tracing is disabled for protocol BSP, to enable tracing of incoming and outgoing JSON messages create an empty file at E:\scala-test\.metals\bsp.trace.json or C:\Users\Utilisateur\AppData\Local\scalameta\metals\cache\bsp.trace.json[0m
2022.06.12 10:41:02 INFO  Attempting to connect to the build server...[0m
2022.06.12 10:41:02 INFO  Attempting to connect to the build server...[0m
2022.06.12 10:41:02 INFO  tracing is disabled for protocol BSP, to enable tracing of incoming and outgoing JSON messages create an empty file at E:\scala-test\project\.metals\bsp.trace.json or C:\Users\Utilisateur\AppData\Local\scalameta\metals\cache\bsp.trace.json[0m
2022.06.12 10:41:02 INFO  tracing is disabled for protocol BSP, to enable tracing of incoming and outgoing JSON messages create an empty file at E:\scala-test\project\project\.metals\bsp.trace.json or C:\Users\Utilisateur\AppData\Local\scalameta\metals\cache\bsp.trace.json[0m
2022.06.12 10:41:02 INFO  time: Connected to build server in 88ms[0m
2022.06.12 10:41:02 INFO  Connected to Build server: Bloop v1.5.0-18-003e6c7b[0m
2022.06.12 10:41:04 INFO  time: indexed workspace in 2.28s[0m
2022.06.12 10:45:34 INFO  running 'C:\Users\Utilisateur\AppData\Local\Coursier\cache\arc\https\github.com\AdoptOpenJDK\openjdk8-binaries\releases\download\jdk8u292-b10\OpenJDK8U-jdk_x64_windows_hotspot_8u292b10.zip\jdk8u292-b10\bin\java -Djline.terminal=jline.UnsupportedTerminal -Dsbt.log.noformat=true -Dfile.encoding=UTF-8 -jar C:\Users\UTILIS~1\AppData\Local\Temp\metals5639911490749305584\sbt-launch.jar -Dbloop.export-jar-classifiers=sources bloopInstall'[0m
2022.06.12 10:45:35 INFO  [info] welcome to sbt 1.6.2 (AdoptOpenJDK Java 1.8.0_292)[0m
2022.06.12 10:45:35 INFO  [info] loading settings for project scala-test-build-build-build from metals.sbt ...[0m
2022.06.12 10:45:37 INFO  [info] loading project definition from E:\scala-test\project\project\project[0m
2022.06.12 10:45:37 INFO  [info] loading settings for project scala-test-build-build from metals.sbt ...[0m
2022.06.12 10:45:37 INFO  [info] loading project definition from E:\scala-test\project\project[0m
2022.06.12 10:45:40 INFO  [success] Generated .bloop\scala-test-build-build.json[0m
2022.06.12 10:45:40 INFO  [success] Total time: 3 s, completed 12 juin 2022 10:45:41[0m
2022.06.12 10:45:40 INFO  [info] loading settings for project scala-test-build from metals.sbt,plugins.sbt,scaffold.sbt ...[0m
2022.06.12 10:45:40 INFO  [info] loading project definition from E:\scala-test\project[0m
2022.06.12 10:45:43 INFO  [success] Generated .bloop\scala-test-build.json[0m
2022.06.12 10:45:43 INFO  [success] Total time: 2 s, completed 12 juin 2022 10:45:43[0m
2022.06.12 10:45:43 INFO  [info] loading settings for project root from build.sbt ...[0m
2022.06.12 10:45:43 INFO  [info]   __              __[0m
2022.06.12 10:45:43 INFO  [info]   \ \     ____   / /____ _ __  __[0m
2022.06.12 10:45:43 INFO  [info]    \ \   / __ \ / // __ `// / / /[0m
2022.06.12 10:45:43 INFO  [info]    / /  / /_/ // // /_/ // /_/ /[0m
2022.06.12 10:45:43 INFO  [info]   /_/  / .___//_/ \__,_/ \__, /[0m
2022.06.12 10:45:43 INFO  [info]       /_/               /____/[0m
2022.06.12 10:45:43 INFO  [info] [0m
2022.06.12 10:45:43 INFO  [info] Version 2.8.16 running Java 1.8.0_292[0m
2022.06.12 10:45:43 INFO  [info] [0m
2022.06.12 10:45:43 INFO  [info] Play is run entirely by the community. Please consider contributing and/or donating:[0m
2022.06.12 10:45:43 INFO  [info] https://www.playframework.com/sponsors[0m
2022.06.12 10:45:43 INFO  [info] [0m
2022.06.12 10:45:45 INFO  [success] Generated .bloop\root.json[0m
2022.06.12 10:45:45 INFO  [success] Generated .bloop\root-test.json[0m
2022.06.12 10:45:45 INFO  [success] Total time: 1 s, completed 12 juin 2022 10:45:45[0m
2022.06.12 10:45:45 INFO  time: ran 'sbt bloopInstall' in 11s[0m
2022.06.12 10:45:45 INFO  Disconnecting from Bloop session...[0m
2022.06.12 10:45:45 INFO  Shut down connection with build server.[0m
2022.06.12 10:45:45 INFO  Shut down connection with build server.[0m
2022.06.12 10:45:45 INFO  Shut down connection with build server.[0m
2022.06.12 10:45:45 INFO  Attempting to connect to the build server...[0m
2022.06.12 10:45:45 INFO  tracing is disabled for protocol BSP, to enable tracing of incoming and outgoing JSON messages create an empty file at E:\scala-test\.metals\bsp.trace.json or C:\Users\Utilisateur\AppData\Local\scalameta\metals\cache\bsp.trace.json[0m
2022.06.12 10:45:45 INFO  Attempting to connect to the build server...[0m
2022.06.12 10:45:45 INFO  Attempting to connect to the build server...[0m
2022.06.12 10:45:45 INFO  tracing is disabled for protocol BSP, to enable tracing of incoming and outgoing JSON messages create an empty file at E:\scala-test\project\project\.metals\bsp.trace.json or C:\Users\Utilisateur\AppData\Local\scalameta\metals\cache\bsp.trace.json[0m
2022.06.12 10:45:45 INFO  tracing is disabled for protocol BSP, to enable tracing of incoming and outgoing JSON messages create an empty file at E:\scala-test\project\.metals\bsp.trace.json or C:\Users\Utilisateur\AppData\Local\scalameta\metals\cache\bsp.trace.json[0m
2022.06.12 10:45:45 INFO  time: Connected to build server in 88ms[0m
2022.06.12 10:45:45 INFO  Connected to Build server: Bloop v1.5.0-18-003e6c7b[0m
2022.06.12 10:45:48 INFO  time: indexed workspace in 2.41s[0m
2022.06.12 10:48:28 INFO  running 'C:\Users\Utilisateur\AppData\Local\Coursier\cache\arc\https\github.com\AdoptOpenJDK\openjdk8-binaries\releases\download\jdk8u292-b10\OpenJDK8U-jdk_x64_windows_hotspot_8u292b10.zip\jdk8u292-b10\bin\java -Djline.terminal=jline.UnsupportedTerminal -Dsbt.log.noformat=true -Dfile.encoding=UTF-8 -jar C:\Users\UTILIS~1\AppData\Local\Temp\metals8715516155025302034\sbt-launch.jar -Dbloop.export-jar-classifiers=sources bloopInstall'[0m
2022.06.12 10:48:30 INFO  [info] welcome to sbt 1.6.2 (AdoptOpenJDK Java 1.8.0_292)[0m
2022.06.12 10:48:30 INFO  [info] loading settings for project scala-test-build-build-build from metals.sbt ...[0m
2022.06.12 10:48:31 INFO  [info] loading project definition from E:\scala-test\project\project\project[0m
2022.06.12 10:48:31 INFO  [info] loading settings for project scala-test-build-build from metals.sbt ...[0m
2022.06.12 10:48:31 INFO  [info] loading project definition from E:\scala-test\project\project[0m
2022.06.12 10:48:35 INFO  [success] Generated .bloop\scala-test-build-build.json[0m
2022.06.12 10:48:35 INFO  [success] Total time: 3 s, completed 12 juin 2022 10:48:35[0m
2022.06.12 10:48:35 INFO  [info] loading settings for project scala-test-build from metals.sbt,plugins.sbt,scaffold.sbt ...[0m
2022.06.12 10:48:35 INFO  [info] loading project definition from E:\scala-test\project[0m
2022.06.12 10:48:37 INFO  [success] Generated .bloop\scala-test-build.json[0m
2022.06.12 10:48:37 INFO  [success] Total time: 2 s, completed 12 juin 2022 10:48:37[0m
2022.06.12 10:48:37 INFO  [info] loading settings for project root from build.sbt ...[0m
2022.06.12 10:48:37 INFO  [info]   __              __[0m
2022.06.12 10:48:37 INFO  [info]   \ \     ____   / /____ _ __  __[0m
2022.06.12 10:48:37 INFO  [info]    \ \   / __ \ / // __ `// / / /[0m
2022.06.12 10:48:37 INFO  [info]    / /  / /_/ // // /_/ // /_/ /[0m
2022.06.12 10:48:37 INFO  [info]   /_/  / .___//_/ \__,_/ \__, /[0m
2022.06.12 10:48:37 INFO  [info]       /_/               /____/[0m
2022.06.12 10:48:37 INFO  [info] [0m
2022.06.12 10:48:37 INFO  [info] Version 2.8.16 running Java 1.8.0_292[0m
2022.06.12 10:48:37 INFO  [info] [0m
2022.06.12 10:48:37 INFO  [info] Play is run entirely by the community. Please consider contributing and/or donating:[0m
2022.06.12 10:48:37 INFO  [info] https://www.playframework.com/sponsors[0m
2022.06.12 10:48:37 INFO  [info] [0m
2022.06.12 10:48:40 INFO  [success] Generated .bloop\root.json[0m
2022.06.12 10:48:40 INFO  [success] Generated .bloop\root-test.json[0m
2022.06.12 10:48:40 INFO  [success] Total time: 1 s, completed 12 juin 2022 10:48:40[0m
2022.06.12 10:48:40 INFO  time: ran 'sbt bloopInstall' in 11s[0m
2022.06.12 10:48:40 INFO  Disconnecting from Bloop session...[0m
2022.06.12 10:48:40 INFO  Shut down connection with build server.[0m
2022.06.12 10:48:40 INFO  Shut down connection with build server.[0m
2022.06.12 10:48:40 INFO  Shut down connection with build server.[0m
2022.06.12 10:48:40 INFO  Attempting to connect to the build server...[0m
2022.06.12 10:48:40 INFO  tracing is disabled for protocol BSP, to enable tracing of incoming and outgoing JSON messages create an empty file at E:\scala-test\.metals\bsp.trace.json or C:\Users\Utilisateur\AppData\Local\scalameta\metals\cache\bsp.trace.json[0m
2022.06.12 10:48:40 INFO  Attempting to connect to the build server...[0m
2022.06.12 10:48:40 INFO  Attempting to connect to the build server...[0m
2022.06.12 10:48:40 INFO  tracing is disabled for protocol BSP, to enable tracing of incoming and outgoing JSON messages create an empty file at E:\scala-test\project\.metals\bsp.trace.json or C:\Users\Utilisateur\AppData\Local\scalameta\metals\cache\bsp.trace.json[0m
2022.06.12 10:48:40 INFO  tracing is disabled for protocol BSP, to enable tracing of incoming and outgoing JSON messages create an empty file at E:\scala-test\project\project\.metals\bsp.trace.json or C:\Users\Utilisateur\AppData\Local\scalameta\metals\cache\bsp.trace.json[0m
2022.06.12 10:48:40 INFO  time: Connected to build server in 79ms[0m
2022.06.12 10:48:40 INFO  Connected to Build server: Bloop v1.5.0-18-003e6c7b[0m
2022.06.12 10:48:42 INFO  time: indexed workspace in 2.24s[0m
2022.06.12 10:49:03 INFO  shutting down Metals[0m
2022.06.12 10:49:03 INFO  Shut down connection with build server.[0m
2022.06.12 10:49:03 INFO  Shut down connection with build server.[0m
2022.06.12 10:49:03 INFO  Shut down connection with build server.[0m
2022.06.12 10:53:22 INFO  tracing is disabled for protocol LSP, to enable tracing of incoming and outgoing JSON messages create an empty file at e:\scala-test\.metals\lsp.trace.json or C:\Users\Utilisateur\AppData\Local\scalameta\metals\cache\lsp.trace.json[0m
2022.06.12 10:53:23 INFO  logging to file E:\scala-test\.metals\metals.log[0m
2022.06.12 10:53:23 INFO  Started: Metals version 0.11.6 in workspace 'E:\scala-test' for client Visual Studio Code 1.68.0.[0m
2022.06.12 10:53:25 INFO  time: initialize in 1.63s[0m
2022.06.12 10:53:25 WARN  Flyway upgrade recommended: H2 2.1.212 is newer than this version of Flyway and support has not been tested. The latest supported version of H2 is 2.1.210.[0m
2022.06.12 10:53:26 INFO  Attempting to connect to the build server...[0m
2022.06.12 10:53:26 INFO  skipping build import with status 'Installed'[0m
2022.06.12 10:53:31 INFO  no build target found for E:\scala-test\build.sbt. Using presentation compiler with project's scala-library version: 3.1.2[0m
2022.06.12 10:53:35 INFO  time: code lens generation in 8.25s[0m
2022.06.12 10:53:35 INFO  time: code lens generation in 8.25s[0m
2022.06.12 10:53:38 INFO  tracing is disabled for protocol BSP, to enable tracing of incoming and outgoing JSON messages create an empty file at E:\scala-test\.metals\bsp.trace.json or C:\Users\Utilisateur\AppData\Local\scalameta\metals\cache\bsp.trace.json[0m
2022.06.12 10:53:38 INFO  Attempting to connect to the build server...[0m
2022.06.12 10:53:38 INFO  Attempting to connect to the build server...[0m
2022.06.12 10:53:38 INFO  tracing is disabled for protocol BSP, to enable tracing of incoming and outgoing JSON messages create an empty file at E:\scala-test\project\project\.metals\bsp.trace.json or C:\Users\Utilisateur\AppData\Local\scalameta\metals\cache\bsp.trace.json[0m
2022.06.12 10:53:39 INFO  tracing is disabled for protocol BSP, to enable tracing of incoming and outgoing JSON messages create an empty file at E:\scala-test\project\.metals\bsp.trace.json or C:\Users\Utilisateur\AppData\Local\scalameta\metals\cache\bsp.trace.json[0m
2022.06.12 10:53:39 INFO  time: Connected to build server in 13s[0m
2022.06.12 10:53:39 INFO  Connected to Build server: Bloop v1.5.0-18-003e6c7b[0m
2022.06.12 10:53:38 INFO  time: Imported build in 0.24s[0m
2022.06.12 10:53:47 INFO  running 'C:\Users\Utilisateur\AppData\Local\Coursier\cache\arc\https\github.com\AdoptOpenJDK\openjdk8-binaries\releases\download\jdk8u292-b10\OpenJDK8U-jdk_x64_windows_hotspot_8u292b10.zip\jdk8u292-b10\bin\java -Djline.terminal=jline.UnsupportedTerminal -Dsbt.log.noformat=true -Dfile.encoding=UTF-8 -jar C:\Users\UTILIS~1\AppData\Local\Temp\metals7499884122658820672\sbt-launch.jar -Dbloop.export-jar-classifiers=sources bloopInstall'[0m
2022.06.12 10:53:50 INFO  [info] welcome to sbt 1.6.2 (AdoptOpenJDK Java 1.8.0_292)[0m
2022.06.12 10:53:52 INFO  [info] loading settings for project scala-test-build-build-build from metals.sbt ...[0m
2022.06.12 10:53:52 INFO  [info] loading project definition from E:\scala-test\project\project\project[0m
2022.06.12 10:53:53 INFO  [info] loading settings for project scala-test-build-build from metals.sbt ...[0m
2022.06.12 10:53:53 INFO  [info] loading project definition from E:\scala-test\project\project[0m
2022.06.12 10:53:57 INFO  [success] Generated .bloop\scala-test-build-build.json[0m
2022.06.12 10:53:57 INFO  [success] Total time: 4 s, completed 12 juin 2022 10:53:57[0m
2022.06.12 10:53:57 INFO  [info] loading settings for project scala-test-build from metals.sbt,plugins.sbt,scaffold.sbt ...[0m
2022.06.12 10:53:57 INFO  [info] loading project definition from E:\scala-test\project[0m
2022.06.12 10:53:58 INFO  time: indexed workspace in 19s[0m
2022.06.12 10:53:59 INFO  [success] Generated .bloop\scala-test-build.json[0m
2022.06.12 10:53:59 INFO  [success] Total time: 3 s, completed 12 juin 2022 10:54:00[0m
2022.06.12 10:54:00 INFO  [info] loading settings for project root from build.sbt ...[0m
2022.06.12 10:54:00 INFO  [info]   __              __[0m
2022.06.12 10:54:00 INFO  [info]   \ \     ____   / /____ _ __  __[0m
2022.06.12 10:54:00 INFO  [info]    \ \   / __ \ / // __ `// / / /[0m
2022.06.12 10:54:00 INFO  [info]    / /  / /_/ // // /_/ // /_/ /[0m
2022.06.12 10:54:00 INFO  [info]   /_/  / .___//_/ \__,_/ \__, /[0m
2022.06.12 10:54:00 INFO  [info]       /_/               /____/[0m
2022.06.12 10:54:00 INFO  [info] [0m
2022.06.12 10:54:00 INFO  [info] Version 2.8.16 running Java 1.8.0_292[0m
2022.06.12 10:54:00 INFO  [info] [0m
2022.06.12 10:54:00 INFO  [info] Play is run entirely by the community. Please consider contributing and/or donating:[0m
2022.06.12 10:54:00 INFO  [info] https://www.playframework.com/sponsors[0m
2022.06.12 10:54:00 INFO  [info] [0m
2022.06.12 10:54:03 INFO  [success] Generated .bloop\root.json[0m
2022.06.12 10:54:03 INFO  [success] Generated .bloop\root-test.json[0m
2022.06.12 10:54:03 INFO  [success] Total time: 2 s, completed 12 juin 2022 10:54:03[0m
2022.06.12 10:54:03 INFO  time: ran 'sbt bloopInstall' in 15s[0m
2022.06.12 10:54:03 INFO  Disconnecting from Bloop session...[0m
2022.06.12 10:54:03 INFO  Shut down connection with build server.[0m
2022.06.12 10:54:03 INFO  Shut down connection with build server.[0m
2022.06.12 10:54:03 INFO  Shut down connection with build server.[0m
2022.06.12 10:54:03 INFO  Attempting to connect to the build server...[0m
2022.06.12 10:54:03 INFO  tracing is disabled for protocol BSP, to enable tracing of incoming and outgoing JSON messages create an empty file at E:\scala-test\.metals\bsp.trace.json or C:\Users\Utilisateur\AppData\Local\scalameta\metals\cache\bsp.trace.json[0m
2022.06.12 10:54:03 INFO  Attempting to connect to the build server...[0m
2022.06.12 10:54:03 INFO  Attempting to connect to the build server...[0m
2022.06.12 10:54:03 INFO  tracing is disabled for protocol BSP, to enable tracing of incoming and outgoing JSON messages create an empty file at E:\scala-test\project\project\.metals\bsp.trace.json or C:\Users\Utilisateur\AppData\Local\scalameta\metals\cache\bsp.trace.json[0m
2022.06.12 10:54:03 INFO  tracing is disabled for protocol BSP, to enable tracing of incoming and outgoing JSON messages create an empty file at E:\scala-test\project\.metals\bsp.trace.json or C:\Users\Utilisateur\AppData\Local\scalameta\metals\cache\bsp.trace.json[0m
2022.06.12 10:54:03 INFO  time: Connected to build server in 0.12s[0m
2022.06.12 10:54:03 INFO  Connected to Build server: Bloop v1.5.0-18-003e6c7b[0m
2022.06.12 10:54:07 INFO  time: indexed workspace in 3.27s[0m
error: E:\scala-test\.metals\.tmp\.metals\.tmp\Main-4797233753588273134.scala is not a file
2022.06.12 10:55:27 INFO  shutting down Metals[0m
2022.06.12 10:55:27 INFO  Shut down connection with build server.[0m
2022.06.12 10:55:27 INFO  Shut down connection with build server.[0m
2022.06.12 10:55:27 INFO  Shut down connection with build server.[0m
